[2022-12-19 07:22]  DEBUG [dispatcher.py _set_singleton] [ line:342 ] Setting singleton dispatcher as <telegram.ext.dispatcher.Dispatcher object at 0x000001DF288C41E0>
[2022-12-19 07:22]  INFO [base.py start] [ line:166 ] Scheduler started
[2022-12-19 07:22]  DEBUG [base.py _process_jobs] [ line:940 ] Looking for jobs to run
[2022-12-19 07:22]  DEBUG [bot.py decorator] [ line:132 ] Entering: get_me
[2022-12-19 07:22]  DEBUG [base.py _process_jobs] [ line:1016 ] No jobs; waiting until a job is added
[2022-12-19 07:22]  DEBUG [bot.py decorator] [ line:134 ] {'username': 'CCP1121_BOT', 'is_bot': True, 'can_read_all_group_messages': True, 'first_name': 'love0204', 'can_join_groups': True, 'id': 5855785269, 'supports_inline_queries': True}
[2022-12-19 07:22]  DEBUG [bot.py decorator] [ line:135 ] Exiting: get_me
[2022-12-19 07:22]  DEBUG [updater.py _thread_wrapper] [ line:351 ] Bot:5855785269:dispatcher - started
[2022-12-19 07:22]  DEBUG [updater.py _thread_wrapper] [ line:351 ] Bot:5855785269:updater - started
[2022-12-19 07:22]  DEBUG [updater.py start_polling] [ line:435 ] Waiting for Dispatcher and polling to start
[2022-12-19 07:22]  DEBUG [updater.py _start_polling] [ line:590 ] Updater thread started (polling)
[2022-12-19 07:22]  DEBUG [updater.py _network_loop_retry] [ line:647 ] Start network loop retry bootstrap del webhook
[2022-12-19 07:22]  DEBUG [dispatcher.py start] [ line:468 ] Dispatcher started
[2022-12-19 07:22]  DEBUG [updater.py bootstrap_del_webhook] [ line:765 ] Deleting webhook
[2022-12-19 07:22]  DEBUG [bot.py decorator] [ line:132 ] Entering: delete_webhook
[2022-12-19 07:22]  DEBUG [bot.py decorator] [ line:134 ] True
[2022-12-19 07:22]  DEBUG [bot.py decorator] [ line:135 ] Exiting: delete_webhook
[2022-12-19 07:22]  DEBUG [updater.py _start_polling] [ line:599 ] Bootstrap done
[2022-12-19 07:22]  DEBUG [updater.py _network_loop_retry] [ line:647 ] Start network loop retry getting Updates
[2022-12-19 07:22]  DEBUG [bot.py decorator] [ line:132 ] Entering: get_updates
