[2022-12-19 10:27]  DEBUG [dispatcher.py _set_singleton] [ line:342 ] Setting singleton dispatcher as <telegram.ext.dispatcher.Dispatcher object at 0x000001EC901B4040>
[2022-12-19 10:27]  INFO [base.py start] [ line:166 ] Scheduler started
[2022-12-19 10:27]  DEBUG [base.py _process_jobs] [ line:940 ] Looking for jobs to run
[2022-12-19 10:27]  DEBUG [bot.py decorator] [ line:132 ] Entering: get_me
[2022-12-19 10:27]  DEBUG [base.py _process_jobs] [ line:1016 ] No jobs; waiting until a job is added
[2022-12-19 10:27]  DEBUG [bot.py decorator] [ line:134 ] {'first_name': 'love0204', 'username': 'CCP1121_BOT', 'supports_inline_queries': True, 'can_read_all_group_messages': True, 'can_join_groups': True, 'is_bot': True, 'id': 5855785269}
[2022-12-19 10:27]  DEBUG [bot.py decorator] [ line:135 ] Exiting: get_me
[2022-12-19 10:27]  DEBUG [updater.py _thread_wrapper] [ line:351 ] Bot:5855785269:dispatcher - started
[2022-12-19 10:27]  DEBUG [updater.py _thread_wrapper] [ line:351 ] Bot:5855785269:updater - started
[2022-12-19 10:27]  DEBUG [updater.py start_polling] [ line:435 ] Waiting for Dispatcher and polling to start
[2022-12-19 10:27]  DEBUG [updater.py _start_polling] [ line:590 ] Updater thread started (polling)
[2022-12-19 10:27]  DEBUG [updater.py _network_loop_retry] [ line:647 ] Start network loop retry bootstrap del webhook
[2022-12-19 10:27]  DEBUG [dispatcher.py start] [ line:468 ] Dispatcher started
[2022-12-19 10:27]  DEBUG [updater.py bootstrap_del_webhook] [ line:765 ] Deleting webhook
[2022-12-19 10:27]  DEBUG [bot.py decorator] [ line:132 ] Entering: delete_webhook
[2022-12-19 10:27]  DEBUG [bot.py decorator] [ line:134 ] True
[2022-12-19 10:27]  DEBUG [bot.py decorator] [ line:135 ] Exiting: delete_webhook
[2022-12-19 10:27]  DEBUG [updater.py _start_polling] [ line:599 ] Bootstrap done
[2022-12-19 10:27]  DEBUG [updater.py _network_loop_retry] [ line:647 ] Start network loop retry getting Updates
[2022-12-19 10:27]  DEBUG [bot.py decorator] [ line:132 ] Entering: get_updates
[2022-12-19 10:27]  DEBUG [bot.py get_updates] [ line:3068 ] No new updates found.
[2022-12-19 10:27]  DEBUG [bot.py decorator] [ line:134 ] []
[2022-12-19 10:27]  DEBUG [bot.py decorator] [ line:135 ] Exiting: get_updates
[2022-12-19 10:27]  DEBUG [bot.py decorator] [ line:132 ] Entering: get_updates
[2022-12-19 10:27]  DEBUG [bot.py get_updates] [ line:3066 ] Getting updates: [299475624]
[2022-12-19 10:27]  DEBUG [bot.py decorator] [ line:134 ] [<telegram.update.Update object at 0x000001EC8FE63880>]
[2022-12-19 10:27]  DEBUG [bot.py decorator] [ line:135 ] Exiting: get_updates
[2022-12-19 10:27]  DEBUG [bot.py decorator] [ line:132 ] Entering: get_updates
[2022-12-19 10:27]  DEBUG [dispatcher.py start] [ line:486 ] Processing Update: {'update_id': 299475624, 'message': {'supergroup_chat_created': False, 'group_chat_created': False, 'date': 1671416874, 'new_chat_photo': [], 'photo': [], 'new_chat_members': [{'first_name': 'Candy🍮🍦', 'username': 'fun66happy', 'is_bot': False, 'id': 986643915}], 'entities': [], 'message_id': 2481, 'delete_chat_photo': False, 'chat': {'title': 'LOVE0204群組測試', 'type': 'supergroup', 'id': -1001874169368}, 'channel_chat_created': False, 'caption_entities': [], 'from': {'first_name': 'Leo', 'is_bot': False, 'language_code': 'zh-hant', 'id': 5036779522}}}
[2022-12-19 10:27]  DEBUG [conversationhandler.py check_update] [ line:559 ] selecting conversation (-1001874169368, 5036779522) with state None
[2022-12-19 10:27]  ERROR [dispatcher.py dispatch_error] [ line:821 ] No error handlers are registered, logging exception.
Traceback (most recent call last):
  File "C:\Users\USER\AppData\Local\Programs\Python\Python310\lib\site-packages\telegram\ext\dispatcher.py", line 557, in process_update
    handler.handle_update(update, self, check, context)
  File "C:\Users\USER\AppData\Local\Programs\Python\Python310\lib\site-packages\telegram\ext\handler.py", line 199, in handle_update
    return self.callback(update, context)
  File "c:\Users\USER\Desktop\酷寶\python程式\telegram_BOT\src\bot.py", line 204, in joinGroup
    results = sql.comparisonInviteId()
TypeError: sql.comparisonInviteId() missing 1 required positional argument: 'inviteId'
[2022-12-19 10:28]  DEBUG [bot.py get_updates] [ line:3068 ] No new updates found.
[2022-12-19 10:28]  DEBUG [bot.py decorator] [ line:134 ] []
[2022-12-19 10:28]  DEBUG [bot.py decorator] [ line:135 ] Exiting: get_updates
[2022-12-19 10:28]  DEBUG [bot.py decorator] [ line:132 ] Entering: get_updates
[2022-12-19 10:28]  DEBUG [bot.py get_updates] [ line:3066 ] Getting updates: [299475625]
[2022-12-19 10:28]  DEBUG [bot.py decorator] [ line:134 ] [<telegram.update.Update object at 0x000001EC8FE61CC0>]
[2022-12-19 10:28]  DEBUG [bot.py decorator] [ line:135 ] Exiting: get_updates
[2022-12-19 10:28]  DEBUG [bot.py decorator] [ line:132 ] Entering: get_updates
[2022-12-19 10:28]  DEBUG [dispatcher.py start] [ line:486 ] Processing Update: {'update_id': 299475625, 'message': {'supergroup_chat_created': False, 'group_chat_created': False, 'date': 1671416884, 'new_chat_photo': [], 'left_chat_member': {'first_name': 'Candy🍮🍦', 'username': 'fun66happy', 'is_bot': False, 'id': 986643915}, 'photo': [], 'new_chat_members': [], 'entities': [], 'message_id': 2482, 'delete_chat_photo': False, 'chat': {'title': 'LOVE0204群組測試', 'type': 'supergroup', 'id': -1001874169368}, 'channel_chat_created': False, 'caption_entities': [], 'from': {'first_name': 'Leo', 'is_bot': False, 'language_code': 'zh-hant', 'id': 5036779522}}}
[2022-12-19 10:28]  DEBUG [conversationhandler.py check_update] [ line:559 ] selecting conversation (-1001874169368, 5036779522) with state None
[2022-12-19 10:28]  DEBUG [bot.py get_updates] [ line:3068 ] No new updates found.
[2022-12-19 10:28]  DEBUG [bot.py decorator] [ line:134 ] []
[2022-12-19 10:28]  DEBUG [bot.py decorator] [ line:135 ] Exiting: get_updates
[2022-12-19 10:28]  DEBUG [bot.py decorator] [ line:132 ] Entering: get_updates
[2022-12-19 10:28]  DEBUG [bot.py get_updates] [ line:3068 ] No new updates found.
[2022-12-19 10:28]  DEBUG [bot.py decorator] [ line:134 ] []
[2022-12-19 10:28]  DEBUG [bot.py decorator] [ line:135 ] Exiting: get_updates
[2022-12-19 10:28]  DEBUG [bot.py decorator] [ line:132 ] Entering: get_updates
[2022-12-19 10:28]  DEBUG [bot.py get_updates] [ line:3068 ] No new updates found.
[2022-12-19 10:28]  DEBUG [bot.py decorator] [ line:134 ] []
[2022-12-19 10:28]  DEBUG [bot.py decorator] [ line:135 ] Exiting: get_updates
[2022-12-19 10:28]  DEBUG [bot.py decorator] [ line:132 ] Entering: get_updates
[2022-12-19 10:28]  DEBUG [bot.py get_updates] [ line:3068 ] No new updates found.
[2022-12-19 10:28]  DEBUG [bot.py decorator] [ line:134 ] []
[2022-12-19 10:28]  DEBUG [bot.py decorator] [ line:135 ] Exiting: get_updates
[2022-12-19 10:28]  DEBUG [bot.py decorator] [ line:132 ] Entering: get_updates
[2022-12-19 10:28]  DEBUG [bot.py get_updates] [ line:3068 ] No new updates found.
[2022-12-19 10:28]  DEBUG [bot.py decorator] [ line:134 ] []
[2022-12-19 10:28]  DEBUG [bot.py decorator] [ line:135 ] Exiting: get_updates
[2022-12-19 10:28]  DEBUG [bot.py decorator] [ line:132 ] Entering: get_updates
[2022-12-19 10:29]  DEBUG [bot.py get_updates] [ line:3068 ] No new updates found.
[2022-12-19 10:29]  DEBUG [bot.py decorator] [ line:134 ] []
[2022-12-19 10:29]  DEBUG [bot.py decorator] [ line:135 ] Exiting: get_updates
[2022-12-19 10:29]  DEBUG [bot.py decorator] [ line:132 ] Entering: get_updates
[2022-12-19 10:29]  DEBUG [bot.py get_updates] [ line:3068 ] No new updates found.
[2022-12-19 10:29]  DEBUG [bot.py decorator] [ line:134 ] []
[2022-12-19 10:29]  DEBUG [bot.py decorator] [ line:135 ] Exiting: get_updates
[2022-12-19 10:29]  DEBUG [bot.py decorator] [ line:132 ] Entering: get_updates
[2022-12-19 10:29]  DEBUG [bot.py get_updates] [ line:3068 ] No new updates found.
[2022-12-19 10:29]  DEBUG [bot.py decorator] [ line:134 ] []
[2022-12-19 10:29]  DEBUG [bot.py decorator] [ line:135 ] Exiting: get_updates
[2022-12-19 10:29]  DEBUG [bot.py decorator] [ line:132 ] Entering: get_updates
[2022-12-19 10:29]  DEBUG [bot.py get_updates] [ line:3068 ] No new updates found.
[2022-12-19 10:29]  DEBUG [bot.py decorator] [ line:134 ] []
[2022-12-19 10:29]  DEBUG [bot.py decorator] [ line:135 ] Exiting: get_updates
[2022-12-19 10:29]  DEBUG [bot.py decorator] [ line:132 ] Entering: get_updates
[2022-12-19 10:29]  DEBUG [bot.py get_updates] [ line:3068 ] No new updates found.
[2022-12-19 10:29]  DEBUG [bot.py decorator] [ line:134 ] []
[2022-12-19 10:29]  DEBUG [bot.py decorator] [ line:135 ] Exiting: get_updates
[2022-12-19 10:29]  DEBUG [bot.py decorator] [ line:132 ] Entering: get_updates
