[2022-12-19 10:39]  DEBUG [dispatcher.py _set_singleton] [ line:342 ] Setting singleton dispatcher as <telegram.ext.dispatcher.Dispatcher object at 0x000002AF4CFDC110>
[2022-12-19 10:39]  INFO [base.py start] [ line:166 ] Scheduler started
[2022-12-19 10:39]  DEBUG [base.py _process_jobs] [ line:940 ] Looking for jobs to run
[2022-12-19 10:39]  DEBUG [bot.py decorator] [ line:132 ] Entering: get_me
[2022-12-19 10:39]  DEBUG [base.py _process_jobs] [ line:1016 ] No jobs; waiting until a job is added
[2022-12-19 10:39]  DEBUG [bot.py decorator] [ line:134 ] {'can_read_all_group_messages': True, 'is_bot': True, 'supports_inline_queries': True, 'username': 'CCP1121_BOT', 'can_join_groups': True, 'first_name': 'love0204', 'id': 5855785269}
[2022-12-19 10:39]  DEBUG [bot.py decorator] [ line:135 ] Exiting: get_me
[2022-12-19 10:39]  DEBUG [updater.py _thread_wrapper] [ line:351 ] Bot:5855785269:dispatcher - started
[2022-12-19 10:39]  DEBUG [updater.py _thread_wrapper] [ line:351 ] Bot:5855785269:updater - started
[2022-12-19 10:39]  DEBUG [updater.py start_polling] [ line:435 ] Waiting for Dispatcher and polling to start
[2022-12-19 10:39]  DEBUG [updater.py _start_polling] [ line:590 ] Updater thread started (polling)
[2022-12-19 10:39]  DEBUG [updater.py _network_loop_retry] [ line:647 ] Start network loop retry bootstrap del webhook
[2022-12-19 10:39]  DEBUG [updater.py bootstrap_del_webhook] [ line:765 ] Deleting webhook
[2022-12-19 10:39]  DEBUG [bot.py decorator] [ line:132 ] Entering: delete_webhook
[2022-12-19 10:39]  DEBUG [dispatcher.py start] [ line:468 ] Dispatcher started
[2022-12-19 10:39]  DEBUG [bot.py decorator] [ line:134 ] True
[2022-12-19 10:39]  DEBUG [bot.py decorator] [ line:135 ] Exiting: delete_webhook
[2022-12-19 10:39]  DEBUG [updater.py _start_polling] [ line:599 ] Bootstrap done
[2022-12-19 10:39]  DEBUG [updater.py _network_loop_retry] [ line:647 ] Start network loop retry getting Updates
[2022-12-19 10:39]  DEBUG [bot.py decorator] [ line:132 ] Entering: get_updates
[2022-12-19 10:39]  DEBUG [bot.py get_updates] [ line:3066 ] Getting updates: [299475630]
[2022-12-19 10:39]  DEBUG [bot.py decorator] [ line:134 ] [<telegram.update.Update object at 0x000002AF4CC81CC0>]
[2022-12-19 10:39]  DEBUG [bot.py decorator] [ line:135 ] Exiting: get_updates
[2022-12-19 10:39]  DEBUG [bot.py decorator] [ line:132 ] Entering: get_updates
[2022-12-19 10:39]  DEBUG [dispatcher.py start] [ line:486 ] Processing Update: {'update_id': 299475630, 'message': {'chat': {'type': 'supergroup', 'id': -1001874169368, 'title': 'LOVE0204群組測試'}, 'group_chat_created': False, 'new_chat_photo': [], 'date': 1671417582, 'supergroup_chat_created': False, 'message_id': 2487, 'channel_chat_created': False, 'photo': [], 'caption_entities': [], 'entities': [], 'new_chat_members': [{'is_bot': False, 'username': 'fun66happy', 'first_name': 'Candy🍮🍦', 'id': 986643915}], 'delete_chat_photo': False, 'from': {'language_code': 'zh-hant', 'is_bot': False, 'first_name': 'Leo', 'id': 5036779522}}}
[2022-12-19 10:39]  DEBUG [conversationhandler.py check_update] [ line:559 ] selecting conversation (-1001874169368, 5036779522) with state None
[2022-12-19 10:39]  ERROR [dispatcher.py dispatch_error] [ line:821 ] No error handlers are registered, logging exception.
Traceback (most recent call last):
  File "C:\Users\USER\AppData\Local\Programs\Python\Python310\lib\site-packages\telegram\ext\dispatcher.py", line 557, in process_update
    handler.handle_update(update, self, check, context)
  File "C:\Users\USER\AppData\Local\Programs\Python\Python310\lib\site-packages\telegram\ext\handler.py", line 199, in handle_update
    return self.callback(update, context)
  File "c:\Users\USER\Desktop\酷寶\python程式\telegram_BOT\src\bot.py", line 206, in joinGroup
    for result in results:
TypeError: 'NoneType' object is not iterable
[2022-12-19 10:39]  DEBUG [bot.py get_updates] [ line:3068 ] No new updates found.
[2022-12-19 10:39]  DEBUG [bot.py decorator] [ line:134 ] []
[2022-12-19 10:39]  DEBUG [bot.py decorator] [ line:135 ] Exiting: get_updates
[2022-12-19 10:39]  DEBUG [bot.py decorator] [ line:132 ] Entering: get_updates
[2022-12-19 10:40]  DEBUG [bot.py get_updates] [ line:3068 ] No new updates found.
[2022-12-19 10:40]  DEBUG [bot.py decorator] [ line:134 ] []
[2022-12-19 10:40]  DEBUG [bot.py decorator] [ line:135 ] Exiting: get_updates
[2022-12-19 10:40]  DEBUG [bot.py decorator] [ line:132 ] Entering: get_updates
[2022-12-19 10:40]  DEBUG [bot.py get_updates] [ line:3068 ] No new updates found.
[2022-12-19 10:40]  DEBUG [bot.py decorator] [ line:134 ] []
[2022-12-19 10:40]  DEBUG [bot.py decorator] [ line:135 ] Exiting: get_updates
[2022-12-19 10:40]  DEBUG [bot.py decorator] [ line:132 ] Entering: get_updates
[2022-12-19 10:40]  DEBUG [bot.py get_updates] [ line:3066 ] Getting updates: [299475631]
[2022-12-19 10:40]  DEBUG [bot.py decorator] [ line:134 ] [<telegram.update.Update object at 0x000002AF4CC83880>]
[2022-12-19 10:40]  DEBUG [bot.py decorator] [ line:135 ] Exiting: get_updates
[2022-12-19 10:40]  DEBUG [bot.py decorator] [ line:132 ] Entering: get_updates
[2022-12-19 10:40]  DEBUG [dispatcher.py start] [ line:486 ] Processing Update: {'update_id': 299475631, 'message': {'chat': {'type': 'supergroup', 'id': -1001874169368, 'title': 'LOVE0204群組測試'}, 'group_chat_created': False, 'new_chat_photo': [], 'date': 1671417621, 'supergroup_chat_created': False, 'left_chat_member': {'is_bot': False, 'username': 'fun66happy', 'first_name': 'Candy🍮🍦', 'id': 986643915}, 'message_id': 2488, 'channel_chat_created': False, 'photo': [], 'caption_entities': [], 'entities': [], 'new_chat_members': [], 'delete_chat_photo': False, 'from': {'language_code': 'zh-hant', 'is_bot': False, 'first_name': 'Leo', 'id': 5036779522}}}
[2022-12-19 10:40]  DEBUG [conversationhandler.py check_update] [ line:559 ] selecting conversation (-1001874169368, 5036779522) with state None
[2022-12-19 10:40]  DEBUG [bot.py get_updates] [ line:3068 ] No new updates found.
[2022-12-19 10:40]  DEBUG [bot.py decorator] [ line:134 ] []
[2022-12-19 10:40]  DEBUG [bot.py decorator] [ line:135 ] Exiting: get_updates
[2022-12-19 10:40]  DEBUG [bot.py decorator] [ line:132 ] Entering: get_updates
[2022-12-19 10:40]  DEBUG [bot.py get_updates] [ line:3068 ] No new updates found.
[2022-12-19 10:40]  DEBUG [bot.py decorator] [ line:134 ] []
[2022-12-19 10:40]  DEBUG [bot.py decorator] [ line:135 ] Exiting: get_updates
[2022-12-19 10:40]  DEBUG [bot.py decorator] [ line:132 ] Entering: get_updates
[2022-12-19 10:40]  DEBUG [bot.py get_updates] [ line:3068 ] No new updates found.
[2022-12-19 10:40]  DEBUG [bot.py decorator] [ line:134 ] []
[2022-12-19 10:40]  DEBUG [bot.py decorator] [ line:135 ] Exiting: get_updates
[2022-12-19 10:40]  DEBUG [bot.py decorator] [ line:132 ] Entering: get_updates
[2022-12-19 10:41]  DEBUG [bot.py get_updates] [ line:3068 ] No new updates found.
[2022-12-19 10:41]  DEBUG [bot.py decorator] [ line:134 ] []
[2022-12-19 10:41]  DEBUG [bot.py decorator] [ line:135 ] Exiting: get_updates
[2022-12-19 10:41]  DEBUG [bot.py decorator] [ line:132 ] Entering: get_updates
[2022-12-19 10:41]  DEBUG [bot.py get_updates] [ line:3068 ] No new updates found.
[2022-12-19 10:41]  DEBUG [bot.py decorator] [ line:134 ] []
[2022-12-19 10:41]  DEBUG [bot.py decorator] [ line:135 ] Exiting: get_updates
[2022-12-19 10:41]  DEBUG [bot.py decorator] [ line:132 ] Entering: get_updates
[2022-12-19 10:41]  DEBUG [bot.py get_updates] [ line:3068 ] No new updates found.
[2022-12-19 10:41]  DEBUG [bot.py decorator] [ line:134 ] []
[2022-12-19 10:41]  DEBUG [bot.py decorator] [ line:135 ] Exiting: get_updates
[2022-12-19 10:41]  DEBUG [bot.py decorator] [ line:132 ] Entering: get_updates
[2022-12-19 10:41]  DEBUG [bot.py get_updates] [ line:3068 ] No new updates found.
[2022-12-19 10:41]  DEBUG [bot.py decorator] [ line:134 ] []
[2022-12-19 10:41]  DEBUG [bot.py decorator] [ line:135 ] Exiting: get_updates
[2022-12-19 10:41]  DEBUG [bot.py decorator] [ line:132 ] Entering: get_updates
[2022-12-19 10:41]  DEBUG [bot.py get_updates] [ line:3068 ] No new updates found.
[2022-12-19 10:41]  DEBUG [bot.py decorator] [ line:134 ] []
[2022-12-19 10:41]  DEBUG [bot.py decorator] [ line:135 ] Exiting: get_updates
[2022-12-19 10:41]  DEBUG [bot.py decorator] [ line:132 ] Entering: get_updates
[2022-12-19 10:41]  DEBUG [bot.py get_updates] [ line:3068 ] No new updates found.
[2022-12-19 10:41]  DEBUG [bot.py decorator] [ line:134 ] []
[2022-12-19 10:41]  DEBUG [bot.py decorator] [ line:135 ] Exiting: get_updates
[2022-12-19 10:41]  DEBUG [bot.py decorator] [ line:132 ] Entering: get_updates
[2022-12-19 10:42]  DEBUG [bot.py get_updates] [ line:3068 ] No new updates found.
[2022-12-19 10:42]  DEBUG [bot.py decorator] [ line:134 ] []
[2022-12-19 10:42]  DEBUG [bot.py decorator] [ line:135 ] Exiting: get_updates
[2022-12-19 10:42]  DEBUG [bot.py decorator] [ line:132 ] Entering: get_updates
[2022-12-19 10:42]  DEBUG [bot.py get_updates] [ line:3068 ] No new updates found.
[2022-12-19 10:42]  DEBUG [bot.py decorator] [ line:134 ] []
[2022-12-19 10:42]  DEBUG [bot.py decorator] [ line:135 ] Exiting: get_updates
[2022-12-19 10:42]  DEBUG [bot.py decorator] [ line:132 ] Entering: get_updates
[2022-12-19 10:42]  DEBUG [bot.py get_updates] [ line:3068 ] No new updates found.
[2022-12-19 10:42]  DEBUG [bot.py decorator] [ line:134 ] []
[2022-12-19 10:42]  DEBUG [bot.py decorator] [ line:135 ] Exiting: get_updates
[2022-12-19 10:42]  DEBUG [bot.py decorator] [ line:132 ] Entering: get_updates
[2022-12-19 10:42]  DEBUG [bot.py get_updates] [ line:3068 ] No new updates found.
[2022-12-19 10:42]  DEBUG [bot.py decorator] [ line:134 ] []
[2022-12-19 10:42]  DEBUG [bot.py decorator] [ line:135 ] Exiting: get_updates
[2022-12-19 10:42]  DEBUG [bot.py decorator] [ line:132 ] Entering: get_updates
