[2022-12-19 14:16]  DEBUG [dispatcher.py _set_singleton] [ line:342 ] Setting singleton dispatcher as <telegram.ext.dispatcher.Dispatcher object at 0x0000016B14D7C1E0>
[2022-12-19 14:16]  INFO [base.py start] [ line:166 ] Scheduler started
[2022-12-19 14:16]  DEBUG [base.py _process_jobs] [ line:940 ] Looking for jobs to run
[2022-12-19 14:16]  DEBUG [bot.py decorator] [ line:132 ] Entering: get_me
[2022-12-19 14:16]  DEBUG [base.py _process_jobs] [ line:1016 ] No jobs; waiting until a job is added
[2022-12-19 14:16]  DEBUG [bot.py decorator] [ line:134 ] {'id': 5855785269, 'can_read_all_group_messages': True, 'supports_inline_queries': True, 'first_name': 'love0204', 'is_bot': True, 'can_join_groups': True, 'username': 'CCP1121_BOT'}
[2022-12-19 14:16]  DEBUG [bot.py decorator] [ line:135 ] Exiting: get_me
[2022-12-19 14:16]  DEBUG [updater.py _thread_wrapper] [ line:351 ] Bot:5855785269:dispatcher - started
[2022-12-19 14:16]  DEBUG [updater.py _thread_wrapper] [ line:351 ] Bot:5855785269:updater - started
[2022-12-19 14:16]  DEBUG [updater.py start_polling] [ line:435 ] Waiting for Dispatcher and polling to start
[2022-12-19 14:16]  DEBUG [updater.py _start_polling] [ line:590 ] Updater thread started (polling)
[2022-12-19 14:16]  DEBUG [updater.py _network_loop_retry] [ line:647 ] Start network loop retry bootstrap del webhook
[2022-12-19 14:16]  DEBUG [dispatcher.py start] [ line:468 ] Dispatcher started
[2022-12-19 14:16]  DEBUG [updater.py bootstrap_del_webhook] [ line:765 ] Deleting webhook
[2022-12-19 14:16]  DEBUG [bot.py decorator] [ line:132 ] Entering: delete_webhook
[2022-12-19 14:16]  DEBUG [bot.py decorator] [ line:134 ] True
[2022-12-19 14:16]  DEBUG [bot.py decorator] [ line:135 ] Exiting: delete_webhook
[2022-12-19 14:16]  DEBUG [updater.py _start_polling] [ line:599 ] Bootstrap done
[2022-12-19 14:16]  DEBUG [updater.py _network_loop_retry] [ line:647 ] Start network loop retry getting Updates
[2022-12-19 14:16]  DEBUG [bot.py decorator] [ line:132 ] Entering: get_updates
[2022-12-19 14:16]  DEBUG [bot.py get_updates] [ line:3068 ] No new updates found.
[2022-12-19 14:16]  DEBUG [bot.py decorator] [ line:134 ] []
[2022-12-19 14:16]  DEBUG [bot.py decorator] [ line:135 ] Exiting: get_updates
[2022-12-19 14:16]  DEBUG [bot.py decorator] [ line:132 ] Entering: get_updates
[2022-12-19 14:16]  DEBUG [bot.py get_updates] [ line:3066 ] Getting updates: [299475657]
[2022-12-19 14:16]  DEBUG [bot.py decorator] [ line:134 ] [<telegram.update.Update object at 0x0000016B14A1DCC0>]
[2022-12-19 14:16]  DEBUG [bot.py decorator] [ line:135 ] Exiting: get_updates
[2022-12-19 14:16]  DEBUG [bot.py decorator] [ line:132 ] Entering: get_updates
[2022-12-19 14:16]  DEBUG [dispatcher.py start] [ line:486 ] Processing Update: {'message': {'group_chat_created': False, 'photo': [], 'chat': {'type': 'supergroup', 'title': 'LOVE0204群組測試', 'id': -1001874169368}, 'date': 1671430607, 'entities': [], 'delete_chat_photo': False, 'left_chat_member': {'id': 986643915, 'first_name': 'Candy🍮🍦', 'is_bot': False, 'username': 'fun66happy'}, 'caption_entities': [], 'new_chat_photo': [], 'new_chat_members': [], 'supergroup_chat_created': False, 'channel_chat_created': False, 'message_id': 2514, 'from': {'id': 5036779522, 'first_name': 'Leo', 'is_bot': False, 'language_code': 'zh-hant'}}, 'update_id': 299475657}
[2022-12-19 14:16]  DEBUG [conversationhandler.py check_update] [ line:559 ] selecting conversation (-1001874169368, 5036779522) with state None
[2022-12-19 14:16]  DEBUG [bot.py get_updates] [ line:3066 ] Getting updates: [299475658]
[2022-12-19 14:16]  DEBUG [bot.py decorator] [ line:134 ] [<telegram.update.Update object at 0x0000016B14A1F880>]
[2022-12-19 14:16]  DEBUG [bot.py decorator] [ line:135 ] Exiting: get_updates
[2022-12-19 14:16]  DEBUG [bot.py decorator] [ line:132 ] Entering: get_updates
[2022-12-19 14:16]  DEBUG [dispatcher.py start] [ line:486 ] Processing Update: {'message': {'group_chat_created': False, 'photo': [], 'chat': {'type': 'supergroup', 'title': 'LOVE0204群組測試', 'id': -1001874169368}, 'date': 1671430610, 'entities': [], 'delete_chat_photo': False, 'caption_entities': [], 'new_chat_photo': [], 'new_chat_members': [{'id': 986643915, 'first_name': 'Candy🍮🍦', 'is_bot': False, 'username': 'fun66happy'}], 'supergroup_chat_created': False, 'channel_chat_created': False, 'message_id': 2515, 'from': {'id': 5036779522, 'first_name': 'Leo', 'is_bot': False, 'language_code': 'zh-hant'}}, 'update_id': 299475658}
[2022-12-19 14:16]  DEBUG [conversationhandler.py check_update] [ line:559 ] selecting conversation (-1001874169368, 5036779522) with state None
[2022-12-19 14:17]  DEBUG [bot.py get_updates] [ line:3068 ] No new updates found.
[2022-12-19 14:17]  DEBUG [bot.py decorator] [ line:134 ] []
[2022-12-19 14:17]  DEBUG [bot.py decorator] [ line:135 ] Exiting: get_updates
[2022-12-19 14:17]  DEBUG [bot.py decorator] [ line:132 ] Entering: get_updates
[2022-12-19 14:17]  DEBUG [bot.py get_updates] [ line:3066 ] Getting updates: [299475659]
[2022-12-19 14:17]  DEBUG [bot.py decorator] [ line:134 ] [<telegram.update.Update object at 0x0000016B14A1DCC0>]
[2022-12-19 14:17]  DEBUG [bot.py decorator] [ line:135 ] Exiting: get_updates
[2022-12-19 14:17]  DEBUG [bot.py decorator] [ line:132 ] Entering: get_updates
[2022-12-19 14:17]  DEBUG [dispatcher.py start] [ line:486 ] Processing Update: {'message': {'group_chat_created': False, 'photo': [], 'chat': {'type': 'supergroup', 'title': 'LOVE0204群組測試', 'id': -1001874169368}, 'date': 1671430628, 'entities': [], 'delete_chat_photo': False, 'left_chat_member': {'id': 986643915, 'first_name': 'Candy🍮🍦', 'is_bot': False, 'username': 'fun66happy'}, 'caption_entities': [], 'new_chat_photo': [], 'new_chat_members': [], 'supergroup_chat_created': False, 'channel_chat_created': False, 'message_id': 2516, 'from': {'id': 5036779522, 'first_name': 'Leo', 'is_bot': False, 'language_code': 'zh-hant'}}, 'update_id': 299475659}
[2022-12-19 14:17]  DEBUG [conversationhandler.py check_update] [ line:559 ] selecting conversation (-1001874169368, 5036779522) with state None
[2022-12-19 14:17]  DEBUG [bot.py get_updates] [ line:3066 ] Getting updates: [299475660]
[2022-12-19 14:17]  DEBUG [bot.py decorator] [ line:134 ] [<telegram.update.Update object at 0x0000016B14A1F880>]
[2022-12-19 14:17]  DEBUG [bot.py decorator] [ line:135 ] Exiting: get_updates
[2022-12-19 14:17]  DEBUG [bot.py decorator] [ line:132 ] Entering: get_updates
[2022-12-19 14:17]  DEBUG [dispatcher.py start] [ line:486 ] Processing Update: {'message': {'group_chat_created': False, 'photo': [], 'chat': {'type': 'supergroup', 'title': 'LOVE0204群組測試', 'id': -1001874169368}, 'date': 1671430630, 'entities': [], 'delete_chat_photo': False, 'caption_entities': [], 'new_chat_photo': [], 'new_chat_members': [{'id': 986643915, 'first_name': 'Candy🍮🍦', 'is_bot': False, 'username': 'fun66happy'}], 'supergroup_chat_created': False, 'channel_chat_created': False, 'message_id': 2517, 'from': {'id': 5036779522, 'first_name': 'Leo', 'is_bot': False, 'language_code': 'zh-hant'}}, 'update_id': 299475660}
[2022-12-19 14:17]  DEBUG [conversationhandler.py check_update] [ line:559 ] selecting conversation (-1001874169368, 5036779522) with state None
[2022-12-19 14:17]  DEBUG [bot.py get_updates] [ line:3066 ] Getting updates: [299475661]
[2022-12-19 14:17]  DEBUG [bot.py decorator] [ line:134 ] [<telegram.update.Update object at 0x0000016B14A1DCC0>]
[2022-12-19 14:17]  DEBUG [bot.py decorator] [ line:135 ] Exiting: get_updates
[2022-12-19 14:17]  DEBUG [bot.py decorator] [ line:132 ] Entering: get_updates
[2022-12-19 14:17]  DEBUG [dispatcher.py start] [ line:486 ] Processing Update: {'message': {'group_chat_created': False, 'photo': [], 'chat': {'type': 'supergroup', 'title': 'LOVE0204群組測試', 'id': -1001874169368}, 'date': 1671430638, 'entities': [], 'delete_chat_photo': False, 'left_chat_member': {'id': 986643915, 'first_name': 'Candy🍮🍦', 'is_bot': False, 'username': 'fun66happy'}, 'caption_entities': [], 'new_chat_photo': [], 'new_chat_members': [], 'supergroup_chat_created': False, 'channel_chat_created': False, 'message_id': 2518, 'from': {'id': 5036779522, 'first_name': 'Leo', 'is_bot': False, 'language_code': 'zh-hant'}}, 'update_id': 299475661}
[2022-12-19 14:17]  DEBUG [conversationhandler.py check_update] [ line:559 ] selecting conversation (-1001874169368, 5036779522) with state None
[2022-12-19 14:17]  DEBUG [bot.py get_updates] [ line:3066 ] Getting updates: [299475662]
[2022-12-19 14:17]  DEBUG [bot.py decorator] [ line:134 ] [<telegram.update.Update object at 0x0000016B14A1F880>]
[2022-12-19 14:17]  DEBUG [bot.py decorator] [ line:135 ] Exiting: get_updates
[2022-12-19 14:17]  DEBUG [bot.py decorator] [ line:132 ] Entering: get_updates
[2022-12-19 14:17]  DEBUG [dispatcher.py start] [ line:486 ] Processing Update: {'message': {'group_chat_created': False, 'photo': [], 'chat': {'type': 'supergroup', 'title': 'LOVE0204群組測試', 'id': -1001874169368}, 'date': 1671430641, 'entities': [], 'delete_chat_photo': False, 'caption_entities': [], 'new_chat_photo': [], 'new_chat_members': [{'id': 986643915, 'first_name': 'Candy🍮🍦', 'is_bot': False, 'username': 'fun66happy'}], 'supergroup_chat_created': False, 'channel_chat_created': False, 'message_id': 2519, 'from': {'id': 5036779522, 'first_name': 'Leo', 'is_bot': False, 'language_code': 'zh-hant'}}, 'update_id': 299475662}
[2022-12-19 14:17]  DEBUG [conversationhandler.py check_update] [ line:559 ] selecting conversation (-1001874169368, 5036779522) with state None
[2022-12-19 14:17]  DEBUG [bot.py get_updates] [ line:3068 ] No new updates found.
[2022-12-19 14:17]  DEBUG [bot.py decorator] [ line:134 ] []
[2022-12-19 14:17]  DEBUG [bot.py decorator] [ line:135 ] Exiting: get_updates
[2022-12-19 14:17]  DEBUG [bot.py decorator] [ line:132 ] Entering: get_updates
[2022-12-19 14:17]  DEBUG [bot.py get_updates] [ line:3068 ] No new updates found.
[2022-12-19 14:17]  DEBUG [bot.py decorator] [ line:134 ] []
[2022-12-19 14:17]  DEBUG [bot.py decorator] [ line:135 ] Exiting: get_updates
[2022-12-19 14:17]  DEBUG [bot.py decorator] [ line:132 ] Entering: get_updates
[2022-12-19 14:17]  DEBUG [bot.py get_updates] [ line:3068 ] No new updates found.
[2022-12-19 14:17]  DEBUG [bot.py decorator] [ line:134 ] []
[2022-12-19 14:17]  DEBUG [bot.py decorator] [ line:135 ] Exiting: get_updates
[2022-12-19 14:17]  DEBUG [bot.py decorator] [ line:132 ] Entering: get_updates
[2022-12-19 14:18]  DEBUG [bot.py get_updates] [ line:3068 ] No new updates found.
[2022-12-19 14:18]  DEBUG [bot.py decorator] [ line:134 ] []
[2022-12-19 14:18]  DEBUG [bot.py decorator] [ line:135 ] Exiting: get_updates
[2022-12-19 14:18]  DEBUG [bot.py decorator] [ line:132 ] Entering: get_updates
[2022-12-19 14:18]  DEBUG [bot.py get_updates] [ line:3068 ] No new updates found.
[2022-12-19 14:18]  DEBUG [bot.py decorator] [ line:134 ] []
[2022-12-19 14:18]  DEBUG [bot.py decorator] [ line:135 ] Exiting: get_updates
[2022-12-19 14:18]  DEBUG [bot.py decorator] [ line:132 ] Entering: get_updates
[2022-12-19 14:18]  DEBUG [bot.py get_updates] [ line:3068 ] No new updates found.
[2022-12-19 14:18]  DEBUG [bot.py decorator] [ line:134 ] []
[2022-12-19 14:18]  DEBUG [bot.py decorator] [ line:135 ] Exiting: get_updates
[2022-12-19 14:18]  DEBUG [bot.py decorator] [ line:132 ] Entering: get_updates
[2022-12-19 14:18]  DEBUG [bot.py get_updates] [ line:3068 ] No new updates found.
[2022-12-19 14:18]  DEBUG [bot.py decorator] [ line:134 ] []
[2022-12-19 14:18]  DEBUG [bot.py decorator] [ line:135 ] Exiting: get_updates
[2022-12-19 14:18]  DEBUG [bot.py decorator] [ line:132 ] Entering: get_updates
[2022-12-19 14:18]  DEBUG [bot.py get_updates] [ line:3068 ] No new updates found.
[2022-12-19 14:18]  DEBUG [bot.py decorator] [ line:134 ] []
[2022-12-19 14:18]  DEBUG [bot.py decorator] [ line:135 ] Exiting: get_updates
[2022-12-19 14:18]  DEBUG [bot.py decorator] [ line:132 ] Entering: get_updates
[2022-12-19 14:18]  DEBUG [bot.py get_updates] [ line:3068 ] No new updates found.
[2022-12-19 14:18]  DEBUG [bot.py decorator] [ line:134 ] []
[2022-12-19 14:18]  DEBUG [bot.py decorator] [ line:135 ] Exiting: get_updates
[2022-12-19 14:18]  DEBUG [bot.py decorator] [ line:132 ] Entering: get_updates
[2022-12-19 14:19]  DEBUG [bot.py get_updates] [ line:3068 ] No new updates found.
[2022-12-19 14:19]  DEBUG [bot.py decorator] [ line:134 ] []
[2022-12-19 14:19]  DEBUG [bot.py decorator] [ line:135 ] Exiting: get_updates
[2022-12-19 14:19]  DEBUG [bot.py decorator] [ line:132 ] Entering: get_updates
[2022-12-19 14:19]  DEBUG [bot.py get_updates] [ line:3068 ] No new updates found.
[2022-12-19 14:19]  DEBUG [bot.py decorator] [ line:134 ] []
[2022-12-19 14:19]  DEBUG [bot.py decorator] [ line:135 ] Exiting: get_updates
[2022-12-19 14:19]  DEBUG [bot.py decorator] [ line:132 ] Entering: get_updates
[2022-12-19 14:19]  DEBUG [bot.py get_updates] [ line:3068 ] No new updates found.
[2022-12-19 14:19]  DEBUG [bot.py decorator] [ line:134 ] []
[2022-12-19 14:19]  DEBUG [bot.py decorator] [ line:135 ] Exiting: get_updates
[2022-12-19 14:19]  DEBUG [bot.py decorator] [ line:132 ] Entering: get_updates
[2022-12-19 14:19]  DEBUG [bot.py get_updates] [ line:3068 ] No new updates found.
[2022-12-19 14:19]  DEBUG [bot.py decorator] [ line:134 ] []
[2022-12-19 14:19]  DEBUG [bot.py decorator] [ line:135 ] Exiting: get_updates
[2022-12-19 14:19]  DEBUG [bot.py decorator] [ line:132 ] Entering: get_updates
[2022-12-19 14:19]  DEBUG [bot.py get_updates] [ line:3068 ] No new updates found.
[2022-12-19 14:19]  DEBUG [bot.py decorator] [ line:134 ] []
[2022-12-19 14:19]  DEBUG [bot.py decorator] [ line:135 ] Exiting: get_updates
[2022-12-19 14:19]  DEBUG [bot.py decorator] [ line:132 ] Entering: get_updates
[2022-12-19 14:19]  DEBUG [bot.py get_updates] [ line:3068 ] No new updates found.
[2022-12-19 14:19]  DEBUG [bot.py decorator] [ line:134 ] []
[2022-12-19 14:19]  DEBUG [bot.py decorator] [ line:135 ] Exiting: get_updates
[2022-12-19 14:19]  DEBUG [bot.py decorator] [ line:132 ] Entering: get_updates
[2022-12-19 14:20]  DEBUG [bot.py get_updates] [ line:3068 ] No new updates found.
[2022-12-19 14:20]  DEBUG [bot.py decorator] [ line:134 ] []
[2022-12-19 14:20]  DEBUG [bot.py decorator] [ line:135 ] Exiting: get_updates
[2022-12-19 14:20]  DEBUG [bot.py decorator] [ line:132 ] Entering: get_updates
[2022-12-19 14:20]  DEBUG [bot.py get_updates] [ line:3068 ] No new updates found.
[2022-12-19 14:20]  DEBUG [bot.py decorator] [ line:134 ] []
[2022-12-19 14:20]  DEBUG [bot.py decorator] [ line:135 ] Exiting: get_updates
[2022-12-19 14:20]  DEBUG [bot.py decorator] [ line:132 ] Entering: get_updates
[2022-12-19 14:20]  DEBUG [bot.py get_updates] [ line:3068 ] No new updates found.
[2022-12-19 14:20]  DEBUG [bot.py decorator] [ line:134 ] []
[2022-12-19 14:20]  DEBUG [bot.py decorator] [ line:135 ] Exiting: get_updates
[2022-12-19 14:20]  DEBUG [bot.py decorator] [ line:132 ] Entering: get_updates
[2022-12-19 14:20]  DEBUG [bot.py get_updates] [ line:3068 ] No new updates found.
[2022-12-19 14:20]  DEBUG [bot.py decorator] [ line:134 ] []
[2022-12-19 14:20]  DEBUG [bot.py decorator] [ line:135 ] Exiting: get_updates
[2022-12-19 14:20]  DEBUG [bot.py decorator] [ line:132 ] Entering: get_updates
[2022-12-19 14:20]  DEBUG [bot.py get_updates] [ line:3068 ] No new updates found.
[2022-12-19 14:20]  DEBUG [bot.py decorator] [ line:134 ] []
[2022-12-19 14:20]  DEBUG [bot.py decorator] [ line:135 ] Exiting: get_updates
[2022-12-19 14:20]  DEBUG [bot.py decorator] [ line:132 ] Entering: get_updates
[2022-12-19 14:20]  DEBUG [bot.py get_updates] [ line:3068 ] No new updates found.
[2022-12-19 14:20]  DEBUG [bot.py decorator] [ line:134 ] []
[2022-12-19 14:20]  DEBUG [bot.py decorator] [ line:135 ] Exiting: get_updates
[2022-12-19 14:20]  DEBUG [bot.py decorator] [ line:132 ] Entering: get_updates
[2022-12-19 14:21]  DEBUG [bot.py get_updates] [ line:3068 ] No new updates found.
[2022-12-19 14:21]  DEBUG [bot.py decorator] [ line:134 ] []
[2022-12-19 14:21]  DEBUG [bot.py decorator] [ line:135 ] Exiting: get_updates
[2022-12-19 14:21]  DEBUG [bot.py decorator] [ line:132 ] Entering: get_updates
[2022-12-19 14:21]  DEBUG [bot.py get_updates] [ line:3068 ] No new updates found.
[2022-12-19 14:21]  DEBUG [bot.py decorator] [ line:134 ] []
[2022-12-19 14:21]  DEBUG [bot.py decorator] [ line:135 ] Exiting: get_updates
[2022-12-19 14:21]  DEBUG [bot.py decorator] [ line:132 ] Entering: get_updates
[2022-12-19 14:21]  DEBUG [bot.py get_updates] [ line:3068 ] No new updates found.
[2022-12-19 14:21]  DEBUG [bot.py decorator] [ line:134 ] []
[2022-12-19 14:21]  DEBUG [bot.py decorator] [ line:135 ] Exiting: get_updates
[2022-12-19 14:21]  DEBUG [bot.py decorator] [ line:132 ] Entering: get_updates
[2022-12-19 14:21]  DEBUG [bot.py get_updates] [ line:3068 ] No new updates found.
[2022-12-19 14:21]  DEBUG [bot.py decorator] [ line:134 ] []
[2022-12-19 14:21]  DEBUG [bot.py decorator] [ line:135 ] Exiting: get_updates
[2022-12-19 14:21]  DEBUG [bot.py decorator] [ line:132 ] Entering: get_updates
[2022-12-19 14:21]  DEBUG [bot.py get_updates] [ line:3068 ] No new updates found.
[2022-12-19 14:21]  DEBUG [bot.py decorator] [ line:134 ] []
[2022-12-19 14:21]  DEBUG [bot.py decorator] [ line:135 ] Exiting: get_updates
[2022-12-19 14:21]  DEBUG [bot.py decorator] [ line:132 ] Entering: get_updates
[2022-12-19 14:21]  DEBUG [bot.py get_updates] [ line:3068 ] No new updates found.
[2022-12-19 14:21]  DEBUG [bot.py decorator] [ line:134 ] []
[2022-12-19 14:21]  DEBUG [bot.py decorator] [ line:135 ] Exiting: get_updates
[2022-12-19 14:21]  DEBUG [bot.py decorator] [ line:132 ] Entering: get_updates
[2022-12-19 14:22]  DEBUG [bot.py get_updates] [ line:3068 ] No new updates found.
[2022-12-19 14:22]  DEBUG [bot.py decorator] [ line:134 ] []
[2022-12-19 14:22]  DEBUG [bot.py decorator] [ line:135 ] Exiting: get_updates
[2022-12-19 14:22]  DEBUG [bot.py decorator] [ line:132 ] Entering: get_updates
[2022-12-19 14:22]  DEBUG [bot.py get_updates] [ line:3068 ] No new updates found.
[2022-12-19 14:22]  DEBUG [bot.py decorator] [ line:134 ] []
[2022-12-19 14:22]  DEBUG [bot.py decorator] [ line:135 ] Exiting: get_updates
[2022-12-19 14:22]  DEBUG [bot.py decorator] [ line:132 ] Entering: get_updates
[2022-12-19 14:22]  DEBUG [bot.py get_updates] [ line:3068 ] No new updates found.
[2022-12-19 14:22]  DEBUG [bot.py decorator] [ line:134 ] []
[2022-12-19 14:22]  DEBUG [bot.py decorator] [ line:135 ] Exiting: get_updates
[2022-12-19 14:22]  DEBUG [bot.py decorator] [ line:132 ] Entering: get_updates
[2022-12-19 14:22]  DEBUG [bot.py get_updates] [ line:3068 ] No new updates found.
[2022-12-19 14:22]  DEBUG [bot.py decorator] [ line:134 ] []
[2022-12-19 14:22]  DEBUG [bot.py decorator] [ line:135 ] Exiting: get_updates
[2022-12-19 14:22]  DEBUG [bot.py decorator] [ line:132 ] Entering: get_updates
[2022-12-19 14:22]  DEBUG [bot.py get_updates] [ line:3068 ] No new updates found.
[2022-12-19 14:22]  DEBUG [bot.py decorator] [ line:134 ] []
[2022-12-19 14:22]  DEBUG [bot.py decorator] [ line:135 ] Exiting: get_updates
[2022-12-19 14:22]  DEBUG [bot.py decorator] [ line:132 ] Entering: get_updates
[2022-12-19 14:22]  DEBUG [bot.py get_updates] [ line:3068 ] No new updates found.
[2022-12-19 14:22]  DEBUG [bot.py decorator] [ line:134 ] []
[2022-12-19 14:22]  DEBUG [bot.py decorator] [ line:135 ] Exiting: get_updates
[2022-12-19 14:22]  DEBUG [bot.py decorator] [ line:132 ] Entering: get_updates
[2022-12-19 14:23]  DEBUG [bot.py get_updates] [ line:3068 ] No new updates found.
[2022-12-19 14:23]  DEBUG [bot.py decorator] [ line:134 ] []
[2022-12-19 14:23]  DEBUG [bot.py decorator] [ line:135 ] Exiting: get_updates
[2022-12-19 14:23]  DEBUG [bot.py decorator] [ line:132 ] Entering: get_updates
[2022-12-19 14:23]  DEBUG [bot.py get_updates] [ line:3068 ] No new updates found.
[2022-12-19 14:23]  DEBUG [bot.py decorator] [ line:134 ] []
[2022-12-19 14:23]  DEBUG [bot.py decorator] [ line:135 ] Exiting: get_updates
[2022-12-19 14:23]  DEBUG [bot.py decorator] [ line:132 ] Entering: get_updates
[2022-12-19 14:23]  DEBUG [bot.py get_updates] [ line:3068 ] No new updates found.
[2022-12-19 14:23]  DEBUG [bot.py decorator] [ line:134 ] []
[2022-12-19 14:23]  DEBUG [bot.py decorator] [ line:135 ] Exiting: get_updates
[2022-12-19 14:23]  DEBUG [bot.py decorator] [ line:132 ] Entering: get_updates
[2022-12-19 14:23]  DEBUG [bot.py get_updates] [ line:3068 ] No new updates found.
[2022-12-19 14:23]  DEBUG [bot.py decorator] [ line:134 ] []
[2022-12-19 14:23]  DEBUG [bot.py decorator] [ line:135 ] Exiting: get_updates
[2022-12-19 14:23]  DEBUG [bot.py decorator] [ line:132 ] Entering: get_updates
[2022-12-19 14:23]  DEBUG [bot.py get_updates] [ line:3068 ] No new updates found.
[2022-12-19 14:23]  DEBUG [bot.py decorator] [ line:134 ] []
[2022-12-19 14:23]  DEBUG [bot.py decorator] [ line:135 ] Exiting: get_updates
[2022-12-19 14:23]  DEBUG [bot.py decorator] [ line:132 ] Entering: get_updates
[2022-12-19 14:24]  DEBUG [bot.py get_updates] [ line:3068 ] No new updates found.
[2022-12-19 14:24]  DEBUG [bot.py decorator] [ line:134 ] []
[2022-12-19 14:24]  DEBUG [bot.py decorator] [ line:135 ] Exiting: get_updates
[2022-12-19 14:24]  DEBUG [bot.py decorator] [ line:132 ] Entering: get_updates
[2022-12-19 14:24]  DEBUG [bot.py get_updates] [ line:3068 ] No new updates found.
[2022-12-19 14:24]  DEBUG [bot.py decorator] [ line:134 ] []
[2022-12-19 14:24]  DEBUG [bot.py decorator] [ line:135 ] Exiting: get_updates
[2022-12-19 14:24]  DEBUG [bot.py decorator] [ line:132 ] Entering: get_updates
[2022-12-19 14:24]  DEBUG [bot.py get_updates] [ line:3068 ] No new updates found.
[2022-12-19 14:24]  DEBUG [bot.py decorator] [ line:134 ] []
[2022-12-19 14:24]  DEBUG [bot.py decorator] [ line:135 ] Exiting: get_updates
[2022-12-19 14:24]  DEBUG [bot.py decorator] [ line:132 ] Entering: get_updates
[2022-12-19 14:24]  DEBUG [bot.py get_updates] [ line:3068 ] No new updates found.
[2022-12-19 14:24]  DEBUG [bot.py decorator] [ line:134 ] []
[2022-12-19 14:24]  DEBUG [bot.py decorator] [ line:135 ] Exiting: get_updates
[2022-12-19 14:24]  DEBUG [bot.py decorator] [ line:132 ] Entering: get_updates
[2022-12-19 14:24]  DEBUG [bot.py get_updates] [ line:3068 ] No new updates found.
[2022-12-19 14:24]  DEBUG [bot.py decorator] [ line:134 ] []
[2022-12-19 14:24]  DEBUG [bot.py decorator] [ line:135 ] Exiting: get_updates
[2022-12-19 14:24]  DEBUG [bot.py decorator] [ line:132 ] Entering: get_updates
[2022-12-19 14:24]  DEBUG [bot.py get_updates] [ line:3068 ] No new updates found.
[2022-12-19 14:24]  DEBUG [bot.py decorator] [ line:134 ] []
[2022-12-19 14:24]  DEBUG [bot.py decorator] [ line:135 ] Exiting: get_updates
[2022-12-19 14:24]  DEBUG [bot.py decorator] [ line:132 ] Entering: get_updates
[2022-12-19 14:25]  DEBUG [bot.py get_updates] [ line:3068 ] No new updates found.
[2022-12-19 14:25]  DEBUG [bot.py decorator] [ line:134 ] []
[2022-12-19 14:25]  DEBUG [bot.py decorator] [ line:135 ] Exiting: get_updates
[2022-12-19 14:25]  DEBUG [bot.py decorator] [ line:132 ] Entering: get_updates
[2022-12-19 14:25]  DEBUG [bot.py get_updates] [ line:3068 ] No new updates found.
[2022-12-19 14:25]  DEBUG [bot.py decorator] [ line:134 ] []
[2022-12-19 14:25]  DEBUG [bot.py decorator] [ line:135 ] Exiting: get_updates
[2022-12-19 14:25]  DEBUG [bot.py decorator] [ line:132 ] Entering: get_updates
[2022-12-19 14:25]  DEBUG [bot.py get_updates] [ line:3068 ] No new updates found.
[2022-12-19 14:25]  DEBUG [bot.py decorator] [ line:134 ] []
[2022-12-19 14:25]  DEBUG [bot.py decorator] [ line:135 ] Exiting: get_updates
[2022-12-19 14:25]  DEBUG [bot.py decorator] [ line:132 ] Entering: get_updates
[2022-12-19 14:25]  DEBUG [bot.py get_updates] [ line:3068 ] No new updates found.
[2022-12-19 14:25]  DEBUG [bot.py decorator] [ line:134 ] []
[2022-12-19 14:25]  DEBUG [bot.py decorator] [ line:135 ] Exiting: get_updates
[2022-12-19 14:25]  DEBUG [bot.py decorator] [ line:132 ] Entering: get_updates
[2022-12-19 14:25]  DEBUG [bot.py get_updates] [ line:3068 ] No new updates found.
[2022-12-19 14:25]  DEBUG [bot.py decorator] [ line:134 ] []
[2022-12-19 14:25]  DEBUG [bot.py decorator] [ line:135 ] Exiting: get_updates
[2022-12-19 14:25]  DEBUG [bot.py decorator] [ line:132 ] Entering: get_updates
[2022-12-19 14:25]  DEBUG [bot.py get_updates] [ line:3068 ] No new updates found.
[2022-12-19 14:25]  DEBUG [bot.py decorator] [ line:134 ] []
[2022-12-19 14:25]  DEBUG [bot.py decorator] [ line:135 ] Exiting: get_updates
[2022-12-19 14:25]  DEBUG [bot.py decorator] [ line:132 ] Entering: get_updates
[2022-12-19 14:26]  DEBUG [bot.py get_updates] [ line:3068 ] No new updates found.
[2022-12-19 14:26]  DEBUG [bot.py decorator] [ line:134 ] []
[2022-12-19 14:26]  DEBUG [bot.py decorator] [ line:135 ] Exiting: get_updates
[2022-12-19 14:26]  DEBUG [bot.py decorator] [ line:132 ] Entering: get_updates
[2022-12-19 14:26]  DEBUG [bot.py get_updates] [ line:3068 ] No new updates found.
[2022-12-19 14:26]  DEBUG [bot.py decorator] [ line:134 ] []
[2022-12-19 14:26]  DEBUG [bot.py decorator] [ line:135 ] Exiting: get_updates
[2022-12-19 14:26]  DEBUG [bot.py decorator] [ line:132 ] Entering: get_updates
[2022-12-19 14:26]  DEBUG [bot.py get_updates] [ line:3068 ] No new updates found.
[2022-12-19 14:26]  DEBUG [bot.py decorator] [ line:134 ] []
[2022-12-19 14:26]  DEBUG [bot.py decorator] [ line:135 ] Exiting: get_updates
[2022-12-19 14:26]  DEBUG [bot.py decorator] [ line:132 ] Entering: get_updates
[2022-12-19 14:26]  DEBUG [bot.py get_updates] [ line:3068 ] No new updates found.
[2022-12-19 14:26]  DEBUG [bot.py decorator] [ line:134 ] []
[2022-12-19 14:26]  DEBUG [bot.py decorator] [ line:135 ] Exiting: get_updates
[2022-12-19 14:26]  DEBUG [bot.py decorator] [ line:132 ] Entering: get_updates
[2022-12-19 14:26]  DEBUG [bot.py get_updates] [ line:3068 ] No new updates found.
[2022-12-19 14:26]  DEBUG [bot.py decorator] [ line:134 ] []
[2022-12-19 14:26]  DEBUG [bot.py decorator] [ line:135 ] Exiting: get_updates
[2022-12-19 14:26]  DEBUG [bot.py decorator] [ line:132 ] Entering: get_updates
[2022-12-19 14:26]  DEBUG [bot.py get_updates] [ line:3068 ] No new updates found.
[2022-12-19 14:26]  DEBUG [bot.py decorator] [ line:134 ] []
[2022-12-19 14:26]  DEBUG [bot.py decorator] [ line:135 ] Exiting: get_updates
[2022-12-19 14:26]  DEBUG [bot.py decorator] [ line:132 ] Entering: get_updates
[2022-12-19 14:27]  DEBUG [bot.py get_updates] [ line:3068 ] No new updates found.
[2022-12-19 14:27]  DEBUG [bot.py decorator] [ line:134 ] []
[2022-12-19 14:27]  DEBUG [bot.py decorator] [ line:135 ] Exiting: get_updates
[2022-12-19 14:27]  DEBUG [bot.py decorator] [ line:132 ] Entering: get_updates
[2022-12-19 14:27]  DEBUG [bot.py get_updates] [ line:3068 ] No new updates found.
[2022-12-19 14:27]  DEBUG [bot.py decorator] [ line:134 ] []
[2022-12-19 14:27]  DEBUG [bot.py decorator] [ line:135 ] Exiting: get_updates
[2022-12-19 14:27]  DEBUG [bot.py decorator] [ line:132 ] Entering: get_updates
