 [2023-02-23 14:27:47,725]  INFO bot.py [ line:769 ] BOT : CCP1121_BOT 已启动  執行時間：0.21秒
 [2023-02-23 14:27:48,877]  INFO bot.py [ line:143 ] [1640180608] Perka : Notify me for going for lunch on 6:37pm today
 [2023-02-23 14:27:50,340]  INFO bot.py [ line:143 ] [777000] Telegram : None
 [2023-02-23 14:27:51,119]  INFO bot.py [ line:143 ] [1087968824] Group : None
 [2023-02-23 14:27:51,872]  INFO bot.py [ line:128 ] 机器人尚未拥有频道 error:'NoneType' object is not subscriptable
 [2023-02-23 14:40:22,920]  INFO bot.py [ line:143 ] [5036779522] Leo : 广告设置(目前只支援文字 不包含图片跟影片)
 [2023-02-23 14:40:29,649]  INFO bot.py [ line:143 ] [5036779522] Leo : 主画面
 [2023-02-23 14:40:31,205]  INFO bot.py [ line:143 ] [5036779522] Leo : 管理面板
 [2023-02-23 14:44:58,707]  INFO bot.py [ line:769 ] BOT : CCP1121_BOT 已启动  執行時間：0.21秒
 [2023-02-23 14:45:00,287]  INFO bot.py [ line:143 ] [5036779522] Leo : 主画面
 [2023-02-23 14:45:02,284]  INFO bot.py [ line:143 ] [5036779522] Leo : 管理面板
 [2023-02-23 14:54:33,971]  INFO bot.py [ line:143 ] [1073737013] Keerthi : 如何将我添加到您的群组
 [2023-02-23 20:56:29,567]  INFO bot.py [ line:787 ] BOT : CCP1121_BOT 已启动  執行時間：0.21秒
 [2023-02-23 20:56:29,779]  INFO bot.py [ line:152 ] [777000] Telegram : None
 [2023-02-23 20:56:30,964]  INFO bot.py [ line:152 ] [1849751062] Anu : Hii
 [2023-02-23 20:56:30,968]  INFO bot.py [ line:152 ] [1849751062] Anu : Hi
 [2023-02-23 20:56:30,975]  INFO bot.py [ line:152 ] [1849751062] Anu : Remind me after 1 min
 [2023-02-23 20:56:40,871]  INFO bot.py [ line:152 ] [5036779522] Leo : 主画面
 [2023-02-23 20:56:43,035]  INFO bot.py [ line:152 ] [5036779522] Leo : 管理面板
 [2023-02-23 20:59:54,337]  INFO bot.py [ line:787 ] BOT : CCP1121_BOT 已启动  執行時間：0.21秒
 [2023-02-23 20:59:55,634]  INFO bot.py [ line:152 ] [5036779522] Leo : 主画面
 [2023-02-23 20:59:58,323]  INFO bot.py [ line:152 ] [5036779522] Leo : 管理面板
 [2023-02-23 21:01:33,411]  INFO bot.py [ line:787 ] BOT : CCP1121_BOT 已启动  執行時間：0.21秒
 [2023-02-23 21:01:42,266]  INFO bot.py [ line:152 ] [5036779522] Leo : 主画面
 [2023-02-23 21:01:44,151]  INFO bot.py [ line:152 ] [5036779522] Leo : 管理面板
 [2023-02-23 21:03:41,889]  INFO bot.py [ line:787 ] BOT : CCP1121_BOT 已启动  執行時間：0.21秒
 [2023-02-23 21:03:42,206]  INFO bot.py [ line:152 ] [5036779522] Leo : 主画面
 [2023-02-23 21:03:43,058]  INFO bot.py [ line:152 ] [5036779522] Leo : 广告设置(目前只支援文字 不包含图片跟影片)
 [2023-02-23 21:03:44,714]  INFO bot.py [ line:152 ] [5036779522] Leo : 管理面板
 [2023-02-23 21:04:36,204]  INFO bot.py [ line:787 ] BOT : CCP1121_BOT 已启动  執行時間：0.21秒
 [2023-02-23 21:04:38,119]  INFO bot.py [ line:152 ] [5036779522] Leo : 主画面
 [2023-02-23 21:04:39,769]  INFO bot.py [ line:152 ] [5036779522] Leo : 支援团队列表
 [2023-02-23 21:04:41,250]  INFO bot.py [ line:152 ] [5036779522] Leo : 管理面板
 [2023-02-23 21:05:26,826]  INFO bot.py [ line:787 ] BOT : CCP1121_BOT 已启动  執行時間：0.21秒
 [2023-02-23 21:05:30,289]  INFO bot.py [ line:152 ] [5036779522] Leo : 广告设置(目前只支援文字 不包含图片跟影片)
 [2023-02-23 21:05:32,297]  INFO bot.py [ line:152 ] [5036779522] Leo : 主画面
 [2023-02-23 21:05:34,100]  INFO bot.py [ line:152 ] [5036779522] Leo : 管理面板
 [2023-02-23 21:06:59,034]  INFO bot.py [ line:787 ] BOT : CCP1121_BOT 已启动  執行時間：0.21秒
 [2023-02-23 21:06:59,341]  INFO bot.py [ line:152 ] [5036779522] Leo : 主画面
 [2023-02-23 21:07:01,338]  INFO bot.py [ line:152 ] [5036779522] Leo : 管理面板
 [2023-02-23 21:07:53,394]  INFO bot.py [ line:787 ] BOT : CCP1121_BOT 已启动  執行時間：0.21秒
 [2023-02-23 21:07:54,689]  INFO bot.py [ line:152 ] [5036779522] Leo : 主画面
 [2023-02-23 21:07:57,105]  INFO bot.py [ line:152 ] [5036779522] Leo : 管理面板
 [2023-02-23 21:08:24,305]  INFO bot.py [ line:152 ] [5036779522] Leo : 广告设置(目前只支援文字 不包含图片跟影片)
 [2023-02-23 21:08:26,477]  INFO bot.py [ line:152 ] [5036779522] Leo : 主画面
 [2023-02-23 21:08:28,266]  INFO bot.py [ line:152 ] [5036779522] Leo : 管理面板
 [2023-02-23 21:18:30,822]  INFO bot.py [ line:794 ] BOT : CCP1121_BOT 已启动  執行時間：0.21秒
 [2023-02-23 21:18:34,107]  INFO bot.py [ line:152 ] [5036779522] Leo : 主画面
 [2023-02-23 21:18:36,174]  INFO bot.py [ line:152 ] [5036779522] Leo : 支援团队列表
 [2023-02-23 21:18:37,328]  INFO bot.py [ line:152 ] [5036779522] Leo : 管理面板
 [2023-02-23 21:20:17,209]  INFO bot.py [ line:794 ] BOT : CCP1121_BOT 已启动  執行時間：0.21秒
 [2023-02-23 21:20:19,630]  INFO bot.py [ line:152 ] [5036779522] Leo : 主画面
 [2023-02-23 21:20:22,143]  INFO bot.py [ line:152 ] [5036779522] Leo : 管理面板
 [2023-02-23 21:20:57,989]  INFO bot.py [ line:152 ] [5036779522] Leo : 主画面
 [2023-02-23 21:21:00,221]  INFO bot.py [ line:152 ] [5036779522] Leo : 管理面板
 [2023-02-23 21:21:55,047]  INFO bot.py [ line:412 ] Expecting value: line 1 column 1 (char 0)
 [2023-02-23 21:27:42,327]  INFO bot.py [ line:801 ] BOT : CCP1121_BOT 已启动  執行時間：0.21秒
 [2023-02-23 21:27:45,661]  INFO bot.py [ line:419 ] Expecting value: line 1 column 1 (char 0)
 [2023-02-23 21:29:28,093]  INFO bot.py [ line:801 ] BOT : CCP1121_BOT 已启动  執行時間：0.22秒
 [2023-02-23 21:47:32,660]  INFO bot.py [ line:801 ] BOT : CCP1121_BOT 已启动  執行時間：0.21秒
 [2023-02-23 21:47:36,273]  INFO gui.py [ line:184 ] BOT停止运作
 [2023-02-23 21:47:38,360]  INFO gui.py [ line:184 ] BOT停止运作
 [2023-02-23 21:48:16,232]  INFO bot.py [ line:801 ] BOT : CCP1121_BOT 已启动  執行時間：0.21秒
