[2023-01-03 22:03]  DEBUG [dispatcher.py _set_singleton] [ line:342 ] Setting singleton dispatcher as <telegram.ext.dispatcher.Dispatcher object at 0x00000140289D5080>
[2023-01-03 22:03]  DEBUG [bot.py decorator] [ line:132 ] Entering: get_me
[2023-01-03 22:03]  DEBUG [bot.py decorator] [ line:134 ] {'can_read_all_group_messages': True, 'supports_inline_queries': True, 'username': 'CCP1121_BOT', 'id': 5855785269, 'can_join_groups': True, 'is_bot': True, 'first_name': 'Skeddy'}
[2023-01-03 22:03]  DEBUG [bot.py decorator] [ line:135 ] Exiting: get_me
[2023-01-03 22:03]  INFO [base.py start] [ line:166 ] Scheduler started
[2023-01-03 22:03]  DEBUG [base.py _process_jobs] [ line:940 ] Looking for jobs to run
[2023-01-03 22:03]  DEBUG [base.py _process_jobs] [ line:1016 ] No jobs; waiting until a job is added
[2023-01-03 22:03]  DEBUG [updater.py _thread_wrapper] [ line:351 ] Bot:5855785269:dispatcher - started
[2023-01-03 22:03]  DEBUG [updater.py _thread_wrapper] [ line:351 ] Bot:5855785269:updater - started
[2023-01-03 22:03]  DEBUG [updater.py start_polling] [ line:435 ] Waiting for Dispatcher and polling to start
[2023-01-03 22:03]  DEBUG [updater.py _start_polling] [ line:590 ] Updater thread started (polling)
[2023-01-03 22:03]  DEBUG [updater.py _network_loop_retry] [ line:647 ] Start network loop retry bootstrap del webhook
[2023-01-03 22:03]  DEBUG [dispatcher.py start] [ line:468 ] Dispatcher started
[2023-01-03 22:03]  DEBUG [updater.py bootstrap_del_webhook] [ line:765 ] Deleting webhook
[2023-01-03 22:03]  DEBUG [bot.py decorator] [ line:132 ] Entering: delete_webhook
[2023-01-03 22:03]  DEBUG [bot.py decorator] [ line:134 ] True
[2023-01-03 22:03]  DEBUG [bot.py decorator] [ line:135 ] Exiting: delete_webhook
[2023-01-03 22:03]  DEBUG [updater.py _start_polling] [ line:599 ] Bootstrap done
[2023-01-03 22:03]  DEBUG [updater.py _network_loop_retry] [ line:647 ] Start network loop retry getting Updates
[2023-01-03 22:03]  DEBUG [bot.py decorator] [ line:132 ] Entering: get_updates
[2023-01-03 22:03]  DEBUG [bot.py get_updates] [ line:3066 ] Getting updates: [299477795]
[2023-01-03 22:03]  DEBUG [bot.py decorator] [ line:134 ] [<telegram.update.Update object at 0x0000014025361D80>]
[2023-01-03 22:03]  DEBUG [bot.py decorator] [ line:135 ] Exiting: get_updates
[2023-01-03 22:03]  DEBUG [bot.py decorator] [ line:132 ] Entering: get_updates
[2023-01-03 22:03]  DEBUG [dispatcher.py start] [ line:486 ] Processing Update: {'message': {'new_chat_photo': [], 'message_id': 3039, 'text': '主画面', 'group_chat_created': False, 'chat': {'id': 5036779522, 'first_name': 'Leo', 'username': 'irlmpbfhvf', 'type': 'private'}, 'channel_chat_created': False, 'entities': [], 'photo': [], 'date': 1672754609, 'caption_entities': [], 'supergroup_chat_created': False, 'delete_chat_photo': False, 'new_chat_members': [], 'from': {'username': 'irlmpbfhvf', 'id': 5036779522, 'language_code': 'zh-hant', 'is_bot': False, 'first_name': 'Leo'}}, 'update_id': 299477795}
[2023-01-03 22:03]  DEBUG [conversationhandler.py check_update] [ line:559 ] selecting conversation (5036779522, 5036779522) with state None
[2023-01-03 22:03]  INFO [bot.py wordFlow] [ line:142 ] [5036779522] Leo : 主画面
[2023-01-03 22:03]  DEBUG [bot.py decorator] [ line:132 ] Entering: send_message
[2023-01-03 22:03]  DEBUG [bot.py decorator] [ line:134 ] {'new_chat_photo': [], 'message_id': 3040, 'text': 'What con this bot do?\nPlease tap on START', 'group_chat_created': False, 'chat': {'id': 5036779522, 'first_name': 'Leo', 'username': 'irlmpbfhvf', 'type': 'private'}, 'channel_chat_created': False, 'entities': [], 'photo': [], 'date': 1672754610, 'caption_entities': [], 'supergroup_chat_created': False, 'delete_chat_photo': False, 'new_chat_members': [], 'from': {'username': 'CCP1121_BOT', 'id': 5855785269, 'is_bot': True, 'first_name': 'Skeddy'}}
[2023-01-03 22:03]  DEBUG [bot.py decorator] [ line:135 ] Exiting: send_message
[2023-01-03 22:03]  DEBUG [bot.py get_updates] [ line:3066 ] Getting updates: [299477796]
[2023-01-03 22:03]  DEBUG [bot.py decorator] [ line:134 ] [<telegram.update.Update object at 0x00000140287987C0>]
[2023-01-03 22:03]  DEBUG [bot.py decorator] [ line:135 ] Exiting: get_updates
[2023-01-03 22:03]  DEBUG [bot.py decorator] [ line:132 ] Entering: get_updates
[2023-01-03 22:03]  DEBUG [dispatcher.py start] [ line:486 ] Processing Update: {'message': {'new_chat_photo': [], 'message_id': 3041, 'text': '管理面板', 'group_chat_created': False, 'chat': {'id': 5036779522, 'first_name': 'Leo', 'username': 'irlmpbfhvf', 'type': 'private'}, 'channel_chat_created': False, 'entities': [], 'photo': [], 'date': 1672754611, 'caption_entities': [], 'supergroup_chat_created': False, 'delete_chat_photo': False, 'new_chat_members': [], 'from': {'username': 'irlmpbfhvf', 'id': 5036779522, 'language_code': 'zh-hant', 'is_bot': False, 'first_name': 'Leo'}}, 'update_id': 299477796}
[2023-01-03 22:03]  DEBUG [conversationhandler.py check_update] [ line:559 ] selecting conversation (5036779522, 5036779522) with state None
[2023-01-03 22:03]  INFO [bot.py wordFlow] [ line:142 ] [5036779522] Leo : 管理面板
[2023-01-03 22:03]  DEBUG [bot.py decorator] [ line:132 ] Entering: send_message
[2023-01-03 22:03]  DEBUG [bot.py decorator] [ line:134 ] {'new_chat_photo': [], 'message_id': 3042, 'text': 'Account Leo uses the administrator function', 'group_chat_created': False, 'chat': {'id': 5036779522, 'first_name': 'Leo', 'username': 'irlmpbfhvf', 'type': 'private'}, 'channel_chat_created': False, 'entities': [], 'photo': [], 'date': 1672754612, 'caption_entities': [], 'supergroup_chat_created': False, 'delete_chat_photo': False, 'new_chat_members': [], 'from': {'username': 'CCP1121_BOT', 'id': 5855785269, 'is_bot': True, 'first_name': 'Skeddy'}}
[2023-01-03 22:03]  DEBUG [bot.py decorator] [ line:135 ] Exiting: send_message
[2023-01-03 22:03]  DEBUG [bot.py decorator] [ line:132 ] Entering: send_message
[2023-01-03 22:03]  DEBUG [bot.py decorator] [ line:134 ] {'new_chat_photo': [], 'message_id': 3043, 'text': 'Please select a group', 'group_chat_created': False, 'chat': {'id': 5036779522, 'first_name': 'Leo', 'username': 'irlmpbfhvf', 'type': 'private'}, 'channel_chat_created': False, 'entities': [], 'photo': [], 'date': 1672754612, 'caption_entities': [], 'supergroup_chat_created': False, 'delete_chat_photo': False, 'new_chat_members': [], 'from': {'username': 'CCP1121_BOT', 'id': 5855785269, 'is_bot': True, 'first_name': 'Skeddy'}}
[2023-01-03 22:03]  DEBUG [bot.py decorator] [ line:135 ] Exiting: send_message
[2023-01-03 22:03]  DEBUG [bot.py get_updates] [ line:3066 ] Getting updates: [299477797]
[2023-01-03 22:03]  DEBUG [bot.py decorator] [ line:134 ] [<telegram.update.Update object at 0x0000014025361D80>]
[2023-01-03 22:03]  DEBUG [bot.py decorator] [ line:135 ] Exiting: get_updates
[2023-01-03 22:03]  DEBUG [bot.py decorator] [ line:132 ] Entering: get_updates
[2023-01-03 22:03]  DEBUG [dispatcher.py start] [ line:486 ] Processing Update: {'message': {'new_chat_photo': [], 'message_id': 3044, 'text': 'CCP1121Group (-1001700543954)', 'group_chat_created': False, 'chat': {'id': 5036779522, 'first_name': 'Leo', 'username': 'irlmpbfhvf', 'type': 'private'}, 'channel_chat_created': False, 'entities': [], 'photo': [], 'date': 1672754613, 'caption_entities': [], 'supergroup_chat_created': False, 'delete_chat_photo': False, 'new_chat_members': [], 'from': {'username': 'irlmpbfhvf', 'id': 5036779522, 'language_code': 'zh-hant', 'is_bot': False, 'first_name': 'Leo'}}, 'update_id': 299477797}
[2023-01-03 22:03]  DEBUG [conversationhandler.py check_update] [ line:559 ] selecting conversation (5036779522, 5036779522) with state 4
[2023-01-03 22:03]  DEBUG [bot.py decorator] [ line:132 ] Entering: send_message
[2023-01-03 22:03]  DEBUG [bot.py decorator] [ line:134 ] {'new_chat_photo': [], 'message_id': 3045, 'text': 'chose CCP1121Group', 'group_chat_created': False, 'chat': {'id': 5036779522, 'first_name': 'Leo', 'username': 'irlmpbfhvf', 'type': 'private'}, 'channel_chat_created': False, 'entities': [], 'photo': [], 'date': 1672754613, 'caption_entities': [], 'supergroup_chat_created': False, 'delete_chat_photo': False, 'new_chat_members': [], 'from': {'username': 'CCP1121_BOT', 'id': 5855785269, 'is_bot': True, 'first_name': 'Skeddy'}}
[2023-01-03 22:03]  DEBUG [bot.py decorator] [ line:135 ] Exiting: send_message
[2023-01-03 22:03]  DEBUG [bot.py get_updates] [ line:3066 ] Getting updates: [299477798]
[2023-01-03 22:03]  DEBUG [bot.py decorator] [ line:134 ] [<telegram.update.Update object at 0x000001402879BE80>]
[2023-01-03 22:03]  DEBUG [bot.py decorator] [ line:135 ] Exiting: get_updates
[2023-01-03 22:03]  DEBUG [bot.py decorator] [ line:132 ] Entering: get_updates
[2023-01-03 22:03]  DEBUG [dispatcher.py start] [ line:486 ] Processing Update: {'message': {'new_chat_photo': [], 'message_id': 3046, 'text': '邀请统计结算奖金', 'group_chat_created': False, 'chat': {'id': 5036779522, 'first_name': 'Leo', 'username': 'irlmpbfhvf', 'type': 'private'}, 'channel_chat_created': False, 'entities': [], 'photo': [], 'date': 1672754614, 'caption_entities': [], 'supergroup_chat_created': False, 'delete_chat_photo': False, 'new_chat_members': [], 'from': {'username': 'irlmpbfhvf', 'id': 5036779522, 'language_code': 'zh-hant', 'is_bot': False, 'first_name': 'Leo'}}, 'update_id': 299477798}
[2023-01-03 22:03]  DEBUG [conversationhandler.py check_update] [ line:559 ] selecting conversation (5036779522, 5036779522) with state 3
[2023-01-03 22:03]  DEBUG [bot.py decorator] [ line:132 ] Entering: send_message
[2023-01-03 22:03]  DEBUG [bot.py decorator] [ line:134 ] {'new_chat_photo': [], 'message_id': 3047, 'text': '请输入使用者名称查询结算资讯\n示范：@BotFather', 'group_chat_created': False, 'chat': {'id': 5036779522, 'first_name': 'Leo', 'username': 'irlmpbfhvf', 'type': 'private'}, 'channel_chat_created': False, 'entities': [{'type': 'mention', 'length': 10, 'offset': 18}], 'photo': [], 'date': 1672754615, 'caption_entities': [], 'supergroup_chat_created': False, 'delete_chat_photo': False, 'new_chat_members': [], 'from': {'username': 'CCP1121_BOT', 'id': 5855785269, 'is_bot': True, 'first_name': 'Skeddy'}}
[2023-01-03 22:03]  DEBUG [bot.py decorator] [ line:135 ] Exiting: send_message
[2023-01-03 22:03]  DEBUG [bot.py get_updates] [ line:3066 ] Getting updates: [299477799]
[2023-01-03 22:03]  DEBUG [bot.py decorator] [ line:134 ] [<telegram.update.Update object at 0x0000014025361D80>]
[2023-01-03 22:03]  DEBUG [bot.py decorator] [ line:135 ] Exiting: get_updates
[2023-01-03 22:03]  DEBUG [bot.py decorator] [ line:132 ] Entering: get_updates
[2023-01-03 22:03]  DEBUG [dispatcher.py start] [ line:486 ] Processing Update: {'message': {'new_chat_photo': [], 'message_id': 3048, 'text': '@irlmpbfhvf', 'group_chat_created': False, 'chat': {'id': 5036779522, 'first_name': 'Leo', 'username': 'irlmpbfhvf', 'type': 'private'}, 'channel_chat_created': False, 'entities': [{'type': 'mention', 'length': 11, 'offset': 0}], 'photo': [], 'date': 1672754618, 'caption_entities': [], 'supergroup_chat_created': False, 'delete_chat_photo': False, 'new_chat_members': [], 'from': {'username': 'irlmpbfhvf', 'id': 5036779522, 'language_code': 'zh-hant', 'is_bot': False, 'first_name': 'Leo'}}, 'update_id': 299477799}
[2023-01-03 22:03]  DEBUG [conversationhandler.py check_update] [ line:559 ] selecting conversation (5036779522, 5036779522) with state 14
[2023-01-03 22:03]  DEBUG [bot.py decorator] [ line:132 ] Entering: send_message
[2023-01-03 22:03]  DEBUG [bot.py decorator] [ line:134 ] {'new_chat_photo': [], 'message_id': 3049, 'text': '用户名：Leo\n使用者名称：irlmpbfhvf\n所在群组：CCP1121Group\n邀请人数：0\n未结算金额：150.0\n用户结算记录：51.0\n后台设定结算金额：100', 'group_chat_created': False, 'chat': {'id': 5036779522, 'first_name': 'Leo', 'username': 'irlmpbfhvf', 'type': 'private'}, 'reply_markup': {'inline_keyboard': [[{'text': '结算', 'callback_data': '{"5036779522": "-1001700543954"}'}]]}, 'channel_chat_created': False, 'entities': [], 'photo': [], 'date': 1672754619, 'caption_entities': [], 'supergroup_chat_created': False, 'delete_chat_photo': False, 'new_chat_members': [], 'from': {'username': 'CCP1121_BOT', 'id': 5855785269, 'is_bot': True, 'first_name': 'Skeddy'}}
[2023-01-03 22:03]  DEBUG [bot.py decorator] [ line:135 ] Exiting: send_message
[2023-01-03 22:03]  DEBUG [bot.py get_updates] [ line:3066 ] Getting updates: [299477800]
[2023-01-03 22:03]  DEBUG [bot.py decorator] [ line:134 ] [<telegram.update.Update object at 0x00000140287987C0>]
[2023-01-03 22:03]  DEBUG [bot.py decorator] [ line:135 ] Exiting: get_updates
[2023-01-03 22:03]  DEBUG [bot.py decorator] [ line:132 ] Entering: get_updates
[2023-01-03 22:03]  DEBUG [dispatcher.py start] [ line:486 ] Processing Update: {'update_id': 299477800, 'callback_query': {'chat_instance': '8966935201186539387', 'id': '3186059251916491903', 'message': {'new_chat_photo': [], 'message_id': 3049, 'text': '用户名：Leo\n使用者名称：irlmpbfhvf\n所在群组：CCP1121Group\n邀请人数：0\n未结算金额：150.0\n用户结算记录：51.0\n后台设定结算金额：100', 'group_chat_created': False, 'chat': {'id': 5036779522, 'first_name': 'Leo', 'username': 'irlmpbfhvf', 'type': 'private'}, 'reply_markup': {'inline_keyboard': [[{'text': '结算', 'callback_data': '{"5036779522": "-1001700543954"}'}]]}, 'channel_chat_created': False, 'entities': [], 'photo': [], 'date': 1672754619, 'caption_entities': [], 'supergroup_chat_created': False, 'delete_chat_photo': False, 'new_chat_members': [], 'from': {'username': 'CCP1121_BOT', 'id': 5855785269, 'is_bot': True, 'first_name': 'Skeddy'}}, 'data': '{"5036779522": "-1001700543954"}', 'from': {'username': 'irlmpbfhvf', 'id': 5036779522, 'language_code': 'zh-hant', 'is_bot': False, 'first_name': 'Leo'}}}
[2023-01-03 22:03]  DEBUG [conversationhandler.py check_update] [ line:559 ] selecting conversation (5036779522, 5036779522) with state 14
[2023-01-03 22:03]  DEBUG [bot.py get_updates] [ line:3068 ] No new updates found.
[2023-01-03 22:03]  DEBUG [bot.py decorator] [ line:134 ] []
[2023-01-03 22:03]  DEBUG [bot.py decorator] [ line:135 ] Exiting: get_updates
[2023-01-03 22:03]  DEBUG [bot.py decorator] [ line:132 ] Entering: get_updates
[2023-01-03 22:04]  DEBUG [bot.py get_updates] [ line:3068 ] No new updates found.
[2023-01-03 22:04]  DEBUG [bot.py decorator] [ line:134 ] []
[2023-01-03 22:04]  DEBUG [bot.py decorator] [ line:135 ] Exiting: get_updates
[2023-01-03 22:04]  DEBUG [bot.py decorator] [ line:132 ] Entering: get_updates
[2023-01-03 22:04]  DEBUG [bot.py get_updates] [ line:3068 ] No new updates found.
[2023-01-03 22:04]  DEBUG [bot.py decorator] [ line:134 ] []
[2023-01-03 22:04]  DEBUG [bot.py decorator] [ line:135 ] Exiting: get_updates
[2023-01-03 22:04]  DEBUG [bot.py decorator] [ line:132 ] Entering: get_updates
[2023-01-03 22:04]  DEBUG [bot.py get_updates] [ line:3066 ] Getting updates: [299477801]
[2023-01-03 22:04]  DEBUG [bot.py decorator] [ line:134 ] [<telegram.update.Update object at 0x0000014025361D80>]
[2023-01-03 22:04]  DEBUG [bot.py decorator] [ line:135 ] Exiting: get_updates
[2023-01-03 22:04]  DEBUG [bot.py decorator] [ line:132 ] Entering: get_updates
[2023-01-03 22:04]  DEBUG [dispatcher.py start] [ line:486 ] Processing Update: {'update_id': 299477801, 'callback_query': {'chat_instance': '8966935201186539387', 'id': '3186059251874730889', 'message': {'new_chat_photo': [], 'message_id': 3049, 'text': '用户名：Leo\n使用者名称：irlmpbfhvf\n所在群组：CCP1121Group\n邀请人数：0\n未结算金额：150.0\n用户结算记录：51.0\n后台设定结算金额：100', 'group_chat_created': False, 'chat': {'id': 5036779522, 'first_name': 'Leo', 'username': 'irlmpbfhvf', 'type': 'private'}, 'reply_markup': {'inline_keyboard': [[{'text': '结算', 'callback_data': '{"5036779522": "-1001700543954"}'}]]}, 'channel_chat_created': False, 'entities': [], 'photo': [], 'date': 1672754619, 'caption_entities': [], 'supergroup_chat_created': False, 'delete_chat_photo': False, 'new_chat_members': [], 'from': {'username': 'CCP1121_BOT', 'id': 5855785269, 'is_bot': True, 'first_name': 'Skeddy'}}, 'data': '{"5036779522": "-1001700543954"}', 'from': {'username': 'irlmpbfhvf', 'id': 5036779522, 'language_code': 'zh-hant', 'is_bot': False, 'first_name': 'Leo'}}}
[2023-01-03 22:04]  DEBUG [conversationhandler.py check_update] [ line:559 ] selecting conversation (5036779522, 5036779522) with state 14
[2023-01-03 22:04]  DEBUG [bot.py get_updates] [ line:3068 ] No new updates found.
[2023-01-03 22:04]  DEBUG [bot.py decorator] [ line:134 ] []
[2023-01-03 22:04]  DEBUG [bot.py decorator] [ line:135 ] Exiting: get_updates
[2023-01-03 22:04]  DEBUG [bot.py decorator] [ line:132 ] Entering: get_updates
[2023-01-03 22:04]  DEBUG [bot.py get_updates] [ line:3068 ] No new updates found.
[2023-01-03 22:04]  DEBUG [bot.py decorator] [ line:134 ] []
[2023-01-03 22:04]  DEBUG [bot.py decorator] [ line:135 ] Exiting: get_updates
[2023-01-03 22:04]  DEBUG [bot.py decorator] [ line:132 ] Entering: get_updates
[2023-01-03 22:04]  DEBUG [bot.py get_updates] [ line:3066 ] Getting updates: [299477802]
[2023-01-03 22:04]  DEBUG [bot.py decorator] [ line:134 ] [<telegram.update.Update object at 0x000001402879BF40>]
[2023-01-03 22:04]  DEBUG [bot.py decorator] [ line:135 ] Exiting: get_updates
[2023-01-03 22:04]  DEBUG [bot.py decorator] [ line:132 ] Entering: get_updates
[2023-01-03 22:04]  DEBUG [dispatcher.py start] [ line:486 ] Processing Update: {'update_id': 299477802, 'callback_query': {'chat_instance': '8966935201186539387', 'id': '3186059252471194616', 'message': {'new_chat_photo': [], 'message_id': 3049, 'text': '用户名：Leo\n使用者名称：irlmpbfhvf\n所在群组：CCP1121Group\n邀请人数：0\n未结算金额：150.0\n用户结算记录：51.0\n后台设定结算金额：100', 'group_chat_created': False, 'chat': {'id': 5036779522, 'first_name': 'Leo', 'username': 'irlmpbfhvf', 'type': 'private'}, 'reply_markup': {'inline_keyboard': [[{'text': '结算', 'callback_data': '{"5036779522": "-1001700543954"}'}]]}, 'channel_chat_created': False, 'entities': [], 'photo': [], 'date': 1672754619, 'caption_entities': [], 'supergroup_chat_created': False, 'delete_chat_photo': False, 'new_chat_members': [], 'from': {'username': 'CCP1121_BOT', 'id': 5855785269, 'is_bot': True, 'first_name': 'Skeddy'}}, 'data': '{"5036779522": "-1001700543954"}', 'from': {'username': 'irlmpbfhvf', 'id': 5036779522, 'language_code': 'zh-hant', 'is_bot': False, 'first_name': 'Leo'}}}
[2023-01-03 22:04]  DEBUG [conversationhandler.py check_update] [ line:559 ] selecting conversation (5036779522, 5036779522) with state 14
[2023-01-03 22:04]  DEBUG [bot.py get_updates] [ line:3068 ] No new updates found.
[2023-01-03 22:04]  DEBUG [bot.py decorator] [ line:134 ] []
[2023-01-03 22:04]  DEBUG [bot.py decorator] [ line:135 ] Exiting: get_updates
[2023-01-03 22:04]  DEBUG [bot.py decorator] [ line:132 ] Entering: get_updates
