 [2023-02-26 16:45:00,659]  INFO bot.py [ line:801 ] BOT : CCP1121_BOT 已启动  執行時間：0.21秒
 [2023-02-26 16:45:22,098]  INFO bot.py [ line:152 ] [5036779522] Leo : 广告设置(目前只支援文字 不包含图片跟影片)
 [2023-02-26 16:45:24,788]  INFO bot.py [ line:152 ] [5036779522] Leo : 主画面
 [2023-02-26 16:45:30,723]  INFO bot.py [ line:152 ] [5036779522] Leo : 管理面板
 [2023-02-26 16:46:59,093]  INFO bot.py [ line:152 ] [5036779522] Leo : 1
 [2023-02-26 16:47:21,994]  INFO bot.py [ line:152 ] [5036779522] Leo : 管理面板
 [2023-02-26 16:48:56,941]  INFO bot.py [ line:801 ] BOT : CCP1121_BOT 已启动  執行時間：0.21秒
 [2023-02-26 16:49:21,394]  INFO bot.py [ line:152 ] [5036779522] Leo : 1
 [2023-02-26 16:49:22,248]  INFO bot.py [ line:137 ] 机器人尚未拥有频道 error:'NoneType' object is not subscriptable
 [2023-02-26 16:49:30,923]  INFO bot.py [ line:152 ] [5036779522] Leo : 主画面
 [2023-02-26 16:49:34,690]  INFO bot.py [ line:152 ] [5036779522] Leo : 管理面板
 [2023-02-26 16:49:40,160]  INFO bot.py [ line:152 ] [5036779522] Leo : 管理面板
 [2023-02-26 16:50:28,947]  INFO bot.py [ line:801 ] BOT : CCP1121_BOT 已启动  執行時間：0.22秒
 [2023-02-26 16:50:33,839]  INFO bot.py [ line:152 ] [5036779522] Leo : 1
 [2023-02-26 16:50:38,331]  INFO bot.py [ line:152 ] [5036779522] Leo : 主画面
 [2023-02-26 16:50:41,114]  INFO bot.py [ line:152 ] [5036779522] Leo : 管理面板
 [2023-02-26 16:52:32,707]  INFO bot.py [ line:801 ] BOT : CCP1121_BOT 已启动  執行時間：0.21秒
 [2023-02-26 16:52:43,176]  INFO bot.py [ line:419 ] Expecting value: line 1 column 1 (char 0)
 [2023-02-26 17:15:00,971]  INFO bot.py [ line:815 ] BOT : CCP1121_BOT 已启动  執行時間：0.21秒
 [2023-02-26 17:15:07,739]  INFO bot.py [ line:430 ] Expecting value: line 1 column 1 (char 0)
 [2023-02-26 17:15:15,253]  INFO bot.py [ line:430 ] Expecting value: line 1 column 1 (char 0)
 [2023-02-26 17:15:51,545]  INFO bot.py [ line:816 ] BOT : CCP1121_BOT 已启动  執行時間：0.21秒
 [2023-02-26 17:15:53,657]  INFO bot.py [ line:431 ] Expecting value: line 1 column 1 (char 0)
 [2023-02-26 17:17:40,466]  INFO bot.py [ line:816 ] BOT : CCP1121_BOT 已启动  執行時間：0.21秒
 [2023-02-26 17:17:43,179]  INFO bot.py [ line:431 ] Expecting value: line 1 column 1 (char 0)
 [2023-02-26 17:18:37,328]  INFO bot.py [ line:431 ] Expecting value: line 1 column 1 (char 0)
 [2023-02-26 17:21:29,278]  INFO bot.py [ line:816 ] BOT : CCP1121_BOT 已启动  執行時間：0.21秒
 [2023-02-26 17:26:55,725]  INFO bot.py [ line:431 ] Expecting value: line 1 column 1 (char 0)
 [2023-02-26 17:27:47,959]  INFO bot.py [ line:431 ] Expecting value: line 1 column 1 (char 0)
 [2023-02-26 17:34:14,823]  INFO bot.py [ line:813 ] BOT : CCP1121_BOT 已启动  執行時間：0.21秒
 [2023-02-26 17:34:19,295]  INFO bot.py [ line:428 ] Expecting value: line 1 column 1 (char 0)
 [2023-02-26 17:36:30,693]  INFO bot.py [ line:813 ] BOT : CCP1121_BOT 已启动  執行時間：0.21秒
 [2023-02-26 17:36:35,307]  INFO bot.py [ line:428 ] Expecting value: line 1 column 1 (char 0)
 [2023-02-26 17:37:10,798]  INFO bot.py [ line:813 ] BOT : CCP1121_BOT 已启动  執行時間：0.21秒
 [2023-02-26 17:37:16,401]  INFO bot.py [ line:428 ] Expecting value: line 1 column 1 (char 0)
 [2023-02-26 17:39:12,580]  INFO bot.py [ line:428 ] Expecting value: line 1 column 1 (char 0)
 [2023-02-26 17:39:20,042]  INFO bot.py [ line:428 ] Expecting value: line 1 column 1 (char 0)
 [2023-02-26 17:40:37,836]  INFO bot.py [ line:814 ] BOT : CCP1121_BOT 已启动  執行時間：0.21秒
 [2023-02-26 17:42:39,599]  INFO bot.py [ line:813 ] BOT : CCP1121_BOT 已启动  執行時間：0.21秒
 [2023-02-26 17:42:44,610]  INFO bot.py [ line:428 ] Expecting value: line 1 column 1 (char 0)
 [2023-02-26 17:44:46,609]  INFO bot.py [ line:428 ] Expecting value: line 1 column 1 (char 0)
 [2023-02-26 17:44:59,602]  INFO bot.py [ line:813 ] BOT : CCP1121_BOT 已启动  執行時間：0.21秒
 [2023-02-26 17:45:05,075]  INFO bot.py [ line:428 ] Expecting value: line 1 column 1 (char 0)
 [2023-02-26 17:46:56,109]  INFO bot.py [ line:814 ] BOT : CCP1121_BOT 已启动  執行時間：0.21秒
 [2023-02-26 17:46:58,751]  INFO bot.py [ line:429 ] Expecting value: line 1 column 1 (char 0)
