[2023-01-02 15:31]  INFO [base.py start] [ line:166 ] Scheduler started
[2023-01-02 15:31]  INFO [bot.py wordFlow] [ line:134 ] [5036779522] Leo : 管理员设置
[2023-01-02 15:31]  INFO [bot.py wordFlow] [ line:134 ] [5407751234] Nolan : yt669
https://t.me/+3hUeQje7AAQwYzJi
[2023-01-02 15:31]  INFO [base.py _real_add_job] [ line:881 ] Added job "deleteMsgToSeconds" to job store "default"
[2023-01-02 15:31]  INFO [bot.py wordFlow] [ line:134 ] [5036779522] Leo : 1
[2023-01-02 15:31]  INFO [base.py _real_add_job] [ line:881 ] Added job "deleteMsgToSeconds" to job store "default"
[2023-01-02 15:31]  INFO [bot.py wordFlow] [ line:134 ] [5820460956] 圆圆 : ？？？
[2023-01-02 15:31]  INFO [base.py _real_add_job] [ line:881 ] Added job "deleteMsgToSeconds" to job store "default"
[2023-01-02 15:32]  INFO [bot.py wordFlow] [ line:134 ] [5715192536] 可 : 👉《LG》公司大量招人了  接赔付 ！ 小白， 缅华， 泰华，中国人！！
 👉👉 【不压不扣 不禁足 不签合同 】 不需要有经验。 会电脑 会打字 就可以了

🍇    在线客服    8000-10000 上班12个小时。月休1天

🍇     接粉员     8000-10000 上班12个小时。月休1天＋提成

🍇     吵大群    8000-10000 上班12个小时。月休1天 提          成整团队千分之5

🍇    色粉空降快杀【推广 】  8000-10000上班12个小时。  ＋提成

🍇     人事     8000-10000元。三个任务上班8小时。  月休2天

🍇      出入款：8000-12000 +奖金

🍇     资源部：8000-10000+奖金

 🍇     财务：8000-12000 +奖金

员工福利待遇：
1，一年14薪，做满12个月多领1个月的底薪，每半年15天带薪休假，不休息多领半个月底薪；
2，每月员工1号发生活补贴 3000泰铢
3，每月部门团建聚餐2次；
4，公司员工生日当天红包3000泰铢/人，
5 ，全勤奖：当月无请假，休假，无迟到
 员工可获全勤奖励1500
6，宿舍女孩子5-6人一间，男孩子6人一间，优秀员工可申请夫妻房和主管单间。  
飞机号 ✈️  @vrhrf1212          
地址：水沟谷 亚太城    🍇🍇
[2023-01-02 15:32]  INFO [base.py _real_add_job] [ line:881 ] Added job "deleteMsgToSeconds" to job store "default"
[2023-01-02 15:32]  INFO [base.py run_job] [ line:123 ] Running job "deleteMsgToSeconds (trigger: date[2023-01-02 07:32:23 UTC], next run at: 2023-01-02 07:32:23 UTC)" (scheduled at 2023-01-02 07:32:23.937334+00:00)
[2023-01-02 15:32]  INFO [base.py remove_job] [ line:627 ] Removed job da83dcbd78f14e6a8fd77c2e119b9c30
[2023-01-02 15:32]  INFO [base.py run_job] [ line:144 ] Job "deleteMsgToSeconds (trigger: date[2023-01-02 07:32:23 UTC], next run at: 2023-01-02 07:32:23 UTC)" executed successfully
[2023-01-02 15:32]  INFO [bot.py wordFlow] [ line:134 ] [1811625907] 晨曦引流工作室 : 出高质量股民 相亲，网赚，jz，宝马，涩粉CPA 劫持量 p2p数据 出租广告位
[2023-01-02 15:32]  INFO [base.py _real_add_job] [ line:881 ] Added job "deleteMsgToSeconds" to job store "default"
[2023-01-02 15:32]  INFO [bot.py wordFlow] [ line:134 ] [5948353110] HR 柔 : ❤️不压身份证~不签合同~没用赔付~公司不禁足。 人性化管理~入职后可以报销路费~公司待遇很好。 
❤️人事 7000-10000              月休 2天
❤️推广 8000-10000              月休 1天
❤️客服  8000-10000             月休 2天
❤️出入款8000-12000          月休 2天
❤️财务   8000-12000           月休 2天
❤️海外  8000-10000            月休 1天
❤️缅英  3000-6000              月休 1天
❤️外聘人事  3000底薪+提成
❤️奖金分成：维护40%，接待30%，开发30%       
推广每月还有最新版苹果手机奖励~当月全组达到400万~每个人奖励一台苹果。 
❤️公司待遇：一年14薪，做满12个月多领1个月的底薪，每半年15天带薪休假，不休息多领半个月底薪！ 
❤️公司包吃包住，每日4餐~每日工作提供冰箱~各种冰冻饮料~喝到饱~提供床单被套~提供生活用品(洗发水 沐浴露 牙膏 洗衣粉)有空调，热水器。 
❤️福利：每月聚餐一次~法定节假日~奖金红包~生日礼金等~按时发放~每月定期进购水果供享用。 
公司工作地址：滨湖公寓二栋一楼 
感兴趣的欢迎咨询详细
飞机号：@rou1015
电话 ：09777822125
[2023-01-02 15:32]  INFO [base.py _real_add_job] [ line:881 ] Added job "deleteMsgToSeconds" to job store "default"
[2023-01-02 15:32]  INFO [base.py remove_job] [ line:627 ] Removed job c7a0341b7b4d4c07b1f009131a56a1ae
[2023-01-02 15:32]  INFO [base.py run_job] [ line:123 ] Running job "deleteMsgToSeconds (trigger: date[2023-01-02 07:32:39 UTC], next run at: 2023-01-02 07:32:39 UTC)" (scheduled at 2023-01-02 07:32:39.812813+00:00)
[2023-01-02 15:32]  INFO [base.py run_job] [ line:144 ] Job "deleteMsgToSeconds (trigger: date[2023-01-02 07:32:39 UTC], next run at: 2023-01-02 07:32:39 UTC)" executed successfully
