[2023-01-02 15:33]  INFO [base.py start] [ line:166 ] Scheduler started
[2023-01-02 15:34]  INFO [bot.py wordFlow] [ line:134 ] [5851564125] 晓柔 : ❤️不压身份证~不签合同~没用赔付~公司不禁足。 人性化管理~入职后可以报销路费~公司待遇很好。 
❤️人事 7000-10000              月休 2天
❤️推广 8000-10000              月休 1天
❤️客服  8000-10000             月休 2天
❤️出入款8000-12000          月休 2天
❤️财务   8000-12000           月休 2天
❤️海外  8000-10000            月休 1天
❤️缅英  3000-6000              月休 1天
❤️外聘人事  3000底薪+提成
❤️奖金分成：维护40%，接待30%，开发30%       
推广每月还有最新版苹果手机奖励~当月全组达到400万~每个人奖励一台苹果。 
❤️公司待遇：一年14薪，做满12个月多领1个月的底薪，每半年15天带薪休假，不休息多领半个月底薪！ 
❤️公司包吃包住，每日4餐~每日工作提供冰箱~各种冰冻饮料~喝到饱~提供床单被套~提供生活用品(洗发水 沐浴露 牙膏 洗衣粉)有空调，热水器。 
❤️福利：每月聚餐一次~法定节假日~奖金红包~生日礼金等~按时发放~每月定期进购水果供享用。 
公司工作地址：滨湖公寓二栋一楼 
感兴趣的欢迎咨询详细
飞机号：@rou1015
电话 ：09777822125
[2023-01-02 15:34]  INFO [base.py _real_add_job] [ line:881 ] Added job "deleteMsgToSeconds" to job store "default"
[2023-01-02 15:34]  INFO [bot.py wordFlow] [ line:134 ] [5337329089] Kristiyan : ok799
https://t.me/+5OUpNPbv6FAyM2Ux
[2023-01-02 15:34]  INFO [base.py _real_add_job] [ line:881 ] Added job "deleteMsgToSeconds" to job store "default"
[2023-01-02 15:34]  INFO [bot.py wordFlow] [ line:134 ] [5959685113] 一路向北 : None
[2023-01-02 15:34]  INFO [base.py _real_add_job] [ line:881 ] Added job "deleteMsgToSeconds" to job store "default"
[2023-01-02 15:34]  INFO [bot.py wordFlow] [ line:134 ] [5863746135] Nishanth : 你好ul
[2023-01-02 15:34]  INFO [base.py _real_add_job] [ line:881 ] Added job "deleteMsgToSeconds" to job store "default"
[2023-01-02 15:34]  ERROR [dispatcher.py dispatch_error] [ line:821 ] No error handlers are registered, logging exception.
Traceback (most recent call last):
  File "C:\Users\USER\AppData\Local\Programs\Python\Python310\lib\site-packages\telegram\ext\dispatcher.py", line 557, in process_update
    handler.handle_update(update, self, check, context)
  File "C:\Users\USER\AppData\Local\Programs\Python\Python310\lib\site-packages\telegram\ext\conversationhandler.py", line 627, in handle_update
    new_state = handler.handle_update(update, dispatcher, check_result, context)
  File "C:\Users\USER\AppData\Local\Programs\Python\Python310\lib\site-packages\telegram\ext\handler.py", line 199, in handle_update
    return self.callback(update, context)
  File "c:\Users\USER\Desktop\酷寶\python程式\telegram_BOT\src\bot.py", line 133, in wordFlow
    infoString = f"[{str(update.message.from_user.id)}] {update.message.from_user.first_name} : {update.message.text}"
AttributeError: 'NoneType' object has no attribute 'from_user'
[2023-01-02 15:35]  INFO [base.py run_job] [ line:123 ] Running job "deleteMsgToSeconds (trigger: date[2023-01-02 07:35:04 UTC], next run at: 2023-01-02 07:35:04 UTC)" (scheduled at 2023-01-02 07:35:04.115853+00:00)
[2023-01-02 15:35]  INFO [base.py remove_job] [ line:627 ] Removed job 3464d0f76ab9408e825607c1286af4dd
[2023-01-02 15:35]  INFO [base.py run_job] [ line:144 ] Job "deleteMsgToSeconds (trigger: date[2023-01-02 07:35:04 UTC], next run at: 2023-01-02 07:35:04 UTC)" executed successfully
[2023-01-02 15:35]  INFO [base.py remove_job] [ line:627 ] Removed job 31939740a3be43a99f212ed862f00e42
[2023-01-02 15:35]  INFO [base.py run_job] [ line:123 ] Running job "deleteMsgToSeconds (trigger: date[2023-01-02 07:35:05 UTC], next run at: 2023-01-02 07:35:05 UTC)" (scheduled at 2023-01-02 07:35:05.479992+00:00)
[2023-01-02 15:35]  INFO [base.py run_job] [ line:144 ] Job "deleteMsgToSeconds (trigger: date[2023-01-02 07:35:05 UTC], next run at: 2023-01-02 07:35:05 UTC)" executed successfully
[2023-01-02 15:35]  INFO [base.py remove_job] [ line:627 ] Removed job 51e761b72aa441dcb5bc14728eaf3758
[2023-01-02 15:35]  INFO [base.py run_job] [ line:123 ] Running job "deleteMsgToSeconds (trigger: date[2023-01-02 07:35:31 UTC], next run at: 2023-01-02 07:35:31 UTC)" (scheduled at 2023-01-02 07:35:31.928784+00:00)
[2023-01-02 15:35]  INFO [base.py run_job] [ line:144 ] Job "deleteMsgToSeconds (trigger: date[2023-01-02 07:35:31 UTC], next run at: 2023-01-02 07:35:31 UTC)" executed successfully
[2023-01-02 15:35]  INFO [base.py remove_job] [ line:627 ] Removed job f8814cc190424b178ea166cea352bf08
[2023-01-02 15:35]  INFO [base.py run_job] [ line:123 ] Running job "deleteMsgToSeconds (trigger: date[2023-01-02 07:35:33 UTC], next run at: 2023-01-02 07:35:33 UTC)" (scheduled at 2023-01-02 07:35:33.109408+00:00)
[2023-01-02 15:35]  INFO [base.py run_job] [ line:144 ] Job "deleteMsgToSeconds (trigger: date[2023-01-02 07:35:33 UTC], next run at: 2023-01-02 07:35:33 UTC)" executed successfully
