 [2023-02-12 11:33:19,954]  INFO gui.py [ line:35 ] 界面载入完成
 [2023-02-12 11:35:03,459]  INFO gui.py [ line:35 ] 界面载入完成
 [2023-02-12 12:04:41,162]  INFO gui.py [ line:35 ] 界面载入完成
 [2023-02-12 12:07:23,449]  INFO gui.py [ line:36 ] 界面载入完成
 [2023-02-12 12:18:43,674]  INFO gui.py [ line:36 ] 界面载入完成
 [2023-02-12 12:19:01,320]  INFO gui.py [ line:36 ] 界面载入完成
 [2023-02-12 12:21:58,974]  INFO gui.py [ line:36 ] 界面载入完成
 [2023-02-12 12:27:28,285]  INFO gui.py [ line:37 ] 界面载入完成
 [2023-02-12 12:27:46,511]  INFO gui.py [ line:38 ] 界面载入完成
 [2023-02-12 12:30:21,307]  INFO gui.py [ line:38 ] 界面载入完成
 [2023-02-12 12:32:07,761]  INFO gui.py [ line:38 ] 界面载入完成
 [2023-02-12 12:32:20,654]  INFO gui.py [ line:38 ] 界面载入完成
 [2023-02-12 12:33:29,936]  INFO gui.py [ line:38 ] 界面载入完成
 [2023-02-12 12:36:32,329]  INFO gui.py [ line:37 ] 界面载入完成
 [2023-02-12 12:36:38,766]  INFO bot.py [ line:757 ] BOT : CCP1121_BOT 已启动  執行時間：0.22秒
 [2023-02-12 11:33:19,954]  INFO gui.py [ line:35 ] 界面载入完成
 [2023-02-12 11:35:03,459]  INFO gui.py [ line:35 ] 界面载入完成
 [2023-02-12 12:04:41,162]  INFO gui.py [ line:35 ] 界面载入完成
 [2023-02-12 12:07:23,449]  INFO gui.py [ line:36 ] 界面载入完成
 [2023-02-12 12:18:43,674]  INFO gui.py [ line:36 ] 界面载入完成
 [2023-02-12 12:19:01,320]  INFO gui.py [ line:36 ] 界面载入完成
 [2023-02-12 12:21:58,974]  INFO gui.py [ line:36 ] 界面载入完成
 [2023-02-12 12:27:28,285]  INFO gui.py [ line:37 ] 界面载入完成
 [2023-02-12 12:27:46,511]  INFO gui.py [ line:38 ] 界面载入完成
 [2023-02-12 12:30:21,307]  INFO gui.py [ line:38 ] 界面载入完成
 [2023-02-12 12:32:07,761]  INFO gui.py [ line:38 ] 界面载入完成
 [2023-02-12 12:32:20,654]  INFO gui.py [ line:38 ] 界面载入完成
 [2023-02-12 12:33:29,936]  INFO gui.py [ line:38 ] 界面载入完成
 [2023-02-12 12:36:32,329]  INFO gui.py [ line:37 ] 界面载入完成
 [2023-02-12 12:36:38,766]  INFO bot.py [ line:757 ] BOT : CCP1121_BOT 已启动  執行時間：0.22秒
 [2023-02-12 12:46:53,934]  INFO gui.py [ line:37 ] 界面载入完成
 [2023-02-12 12:49:01,302]  INFO gui.py [ line:37 ] 界面载入完成
123 [2023-02-12 12:50:15,523]  INFO gui.py [ line:37 ] 界面载入完成
 [2023-02-12 12:52:07,011]  INFO gui.py [ line:39 ] 界面载入完成
 [2023-02-12 12:52:39,217]  INFO gui.py [ line:39 ] 界面载入完成
 [2023-02-12 12:54:54,199]  INFO gui.py [ line:39 ] 界面载入完成
 [2023-02-12 13:11:49,448]  INFO gui.py [ line:39 ] 界面载入完成
 [2023-02-12 13:13:35,379]  INFO gui.py [ line:39 ] 界面载入完成
 [2023-02-12 13:19:24,184]  INFO gui.py [ line:41 ] 界面载入完成
 [2023-02-12 13:20:17,532]  INFO gui.py [ line:41 ] 界面载入完成
 [2023-02-12 13:22:50,044]  INFO gui.py [ line:41 ] 界面载入完成
 [2023-02-12 13:23:19,316]  INFO gui.py [ line:41 ] 界面载入完成
 [2023-02-12 13:30:35,957]  INFO gui.py [ line:41 ] 界面载入完成
 [2023-02-12 13:31:04,599]  INFO gui.py [ line:41 ] 界面载入完成
 [2023-02-12 13:32:03,811]  INFO gui.py [ line:41 ] 界面载入完成
 [2023-02-12 13:32:32,573]  INFO gui.py [ line:41 ] 界面载入完成
 [2023-02-12 13:37:20,236]  INFO gui.py [ line:41 ] 界面载入完成
 [2023-02-12 13:37:40,177]  INFO gui.py [ line:41 ] 界面载入完成
 [2023-02-12 13:38:41,203]  INFO gui.py [ line:41 ] 界面载入完成
 [2023-02-12 13:39:55,622]  INFO gui.py [ line:41 ] 界面载入完成
 [2023-02-12 13:40:10,592]  INFO gui.py [ line:41 ] 界面载入完成
 [2023-02-12 13:40:22,607]  INFO gui.py [ line:41 ] 界面载入完成
 [2023-02-12 13:40:39,824]  INFO gui.py [ line:41 ] 界面载入完成
 [2023-02-12 13:42:20,657]  INFO gui.py [ line:41 ] 界面载入完成
 [2023-02-12 13:44:17,551]  INFO gui.py [ line:41 ] 界面载入完成
 [2023-02-12 13:44:45,237]  INFO gui.py [ line:41 ] 界面载入完成
 [2023-02-12 13:45:25,919]  INFO gui.py [ line:41 ] 界面载入完成
 [2023-02-12 13:45:45,683]  INFO gui.py [ line:41 ] 界面载入完成
 [2023-02-12 13:47:03,334]  INFO gui.py [ line:45 ] 界面载入完成
 [2023-02-12 13:48:28,388]  INFO gui.py [ line:45 ] 界面载入完成
 [2023-02-12 13:49:03,613]  INFO gui.py [ line:45 ] 界面载入完成
 [2023-02-12 13:51:49,536]  INFO gui.py [ line:45 ] 界面载入完成
 [2023-02-12 13:52:10,894]  INFO gui.py [ line:45 ] 界面载入完成
 [2023-02-12 13:52:56,218]  INFO gui.py [ line:45 ] 界面载入完成
 [2023-02-12 13:53:20,078]  INFO gui.py [ line:45 ] 界面载入完成
 [2023-02-12 13:53:34,169]  INFO gui.py [ line:45 ] 界面载入完成
 [2023-02-12 13:53:49,698]  INFO gui.py [ line:45 ] 界面载入完成
 [2023-02-12 13:54:09,096]  INFO gui.py [ line:45 ] 界面载入完成
 [2023-02-12 13:56:50,612]  INFO gui.py [ line:45 ] 界面载入完成
 [2023-02-12 13:57:12,872]  INFO gui.py [ line:45 ] 界面载入完成
 [2023-02-12 13:59:00,937]  INFO gui.py [ line:45 ] 界面载入完成
 [2023-02-12 13:59:39,060]  INFO gui.py [ line:45 ] 界面载入完成
 [2023-02-12 14:00:16,448]  INFO gui.py [ line:45 ] 界面载入完成
 [2023-02-12 14:01:00,224]  INFO gui.py [ line:45 ] 界面载入完成
 [2023-02-12 14:01:29,076]  INFO gui.py [ line:45 ] 界面载入完成
 [2023-02-12 14:01:47,137]  INFO gui.py [ line:45 ] 界面载入完成
 [2023-02-12 14:01:59,924]  INFO gui.py [ line:45 ] 界面载入完成
 [2023-02-12 14:17:34,646]  INFO gui.py [ line:53 ] 界面载入完成
 [2023-02-12 14:18:38,776]  INFO gui.py [ line:53 ] 界面载入完成
 [2023-02-12 14:19:21,855]  INFO gui.py [ line:53 ] 界面载入完成
 [2023-02-12 14:20:04,836]  INFO gui.py [ line:53 ] 界面载入完成
 [2023-02-12 14:23:01,951]  INFO gui.py [ line:53 ] 界面载入完成
 [2023-02-12 14:23:04,647]  INFO bot.py [ line:757 ] BOT : CCP1121_BOT 已启动  執行時間：0.22秒
 [2023-02-12 14:23:51,257]  INFO gui.py [ line:53 ] 界面载入完成
 [2023-02-12 14:23:54,446]  INFO bot.py [ line:757 ] BOT : CCP1121_BOT 已启动  執行時間：0.21秒
 [2023-02-12 14:27:18,207]  INFO gui.py [ line:53 ] 界面载入完成
 [2023-02-12 14:28:27,647]  INFO gui.py [ line:53 ] 界面载入完成
 [2023-02-12 14:29:34,364]  INFO gui.py [ line:53 ] 界面载入完成
 [2023-02-12 14:29:51,422]  INFO bot.py [ line:757 ] BOT : CCP1121_BOT 已启动  執行時間：0.22秒
 [2023-02-12 14:30:17,406]  INFO gui.py [ line:117 ] 已停止BOT
 [2023-02-12 14:30:29,457]  INFO bot.py [ line:757 ] BOT : CCP1121_BOT 已启动  執行時間：0.22秒
 [2023-02-12 14:31:46,899]  INFO gui.py [ line:53 ] 界面载入完成
 [2023-02-12 14:31:51,515]  INFO bot.py [ line:757 ] BOT : CCP1121_BOT 已启动  執行時間：0.21秒
 [2023-02-12 14:32:53,508]  INFO gui.py [ line:53 ] 界面载入完成
 [2023-02-12 14:33:42,617]  INFO gui.py [ line:53 ] 界面载入完成
 [2023-02-12 14:33:55,839]  INFO gui.py [ line:53 ] 界面载入完成
 [2023-02-12 14:34:05,985]  INFO gui.py [ line:53 ] 界面载入完成
 [2023-02-12 14:34:18,997]  INFO gui.py [ line:53 ] 界面载入完成
 [2023-02-12 14:34:45,649]  INFO gui.py [ line:53 ] 界面载入完成
 [2023-02-12 14:35:03,155]  INFO gui.py [ line:53 ] 界面载入完成
 [2023-02-12 14:35:14,538]  INFO gui.py [ line:53 ] 界面载入完成
 [2023-02-12 14:37:53,486]  INFO gui.py [ line:53 ] 界面载入完成
 [2023-02-12 14:37:57,033]  INFO bot.py [ line:757 ] BOT : CCP1121_BOT 已启动  執行時間：0.21秒
 [2023-02-12 14:38:12,900]  INFO gui.py [ line:118 ] 停止BOT运作
 [2023-02-12 14:41:57,316]  INFO gui.py [ line:59 ] 界面载入完成
 [2023-02-12 14:42:55,312]  INFO gui.py [ line:61 ] 界面载入完成
 [2023-02-12 14:55:02,607]  INFO bot.py [ line:757 ] BOT : CCP1121_BOT 已启动  執行時間：0.21秒
 [2023-02-12 15:00:38,914]  INFO bot.py [ line:757 ] BOT : CCP1121_BOT 已启动  執行時間：0.21秒
 [2023-02-12 15:00:55,330]  INFO gui.py [ line:121 ] 停止BOT运作
 [2023-02-12 15:30:45,931]  INFO gui.py [ line:113 ] 伺服器启动
 [2023-02-12 15:30:45,931]  INFO gui.py [ line:114 ] Running on http:127.0.0.1:5555
 [2023-02-12 15:32:21,900]  INFO gui.py [ line:113 ] 伺服器启动
 [2023-02-12 15:32:21,900]  INFO gui.py [ line:114 ] Running on http:127.0.0.1:5555
 [2023-02-12 15:43:12,354]  INFO gui.py [ line:50 ] 程序启动完成 今日累计Log行数:113
 [2023-02-12 15:43:21,245]  INFO gui.py [ line:130 ] 伺服器启动
 [2023-02-12 15:43:21,246]  INFO gui.py [ line:131 ] Running on http:127.0.0.1:5555
 [2023-02-12 15:43:29,053]  INFO bot.py [ line:757 ] BOT : CCP1121_BOT 已启动  執行時間：0.22秒
 [2023-02-12 15:43:39,797]  INFO gui.py [ line:145 ] 停止BOT运作
 [2023-02-12 15:44:49,707]  INFO gui.py [ line:50 ] 程序启动完成 今日累计Log行数:118
 [2023-02-12 15:45:30,622]  INFO gui.py [ line:130 ] 伺服器启动
 [2023-02-12 15:45:30,623]  INFO gui.py [ line:131 ] Running on http:127.0.0.1:5555
 [2023-02-12 15:46:26,457]  INFO gui.py [ line:50 ] 程序启动完成 今日累计Log行数:121
 [2023-02-12 15:49:54,324]  INFO gui.py [ line:51 ] 程序启动完成 今日累计Log行数:122
 [2023-02-12 15:50:22,463]  INFO gui.py [ line:51 ] 程序启动完成 今日累计Log行数:123
