[2022-12-25 15:32]  INFO [base.py start] [ line:166 ] Scheduler started
[2022-12-25 15:33]  INFO [bot.py wordFlow] [ line:67 ] [5036779522] Leo : None
[2022-12-25 15:33]  ERROR [dispatcher.py dispatch_error] [ line:821 ] No error handlers are registered, logging exception.
Traceback (most recent call last):
  File "telegram\ext\dispatcher.py", line 557, in process_update
  File "telegram\ext\conversationhandler.py", line 627, in handle_update
  File "telegram\ext\handler.py", line 199, in handle_update
  File "src\bot.py", line 76, in wordFlow
  File "src\bot.py", line 53, in dealMessage
  File "telegram\bot.py", line 133, in decorator
  File "telegram\bot.py", line 579, in delete_message
  File "telegram\bot.py", line 298, in _post
  File "telegram\utils\request.py", line 361, in post
  File "telegram\utils\request.py", line 277, in _request_wrapper
telegram.error.Unauthorized: Forbidden: bot was kicked from the supergroup chat
[2022-12-25 15:34]  INFO [bot.py wordFlow] [ line:67 ] [5036779522] Leo : None
[2022-12-25 15:34]  INFO [base.py _real_add_job] [ line:881 ] Added job "deleteMsgToSeconds" to job store "default"
[2022-12-25 15:34]  INFO [bot.py wordFlow] [ line:67 ] [5036779522] Leo : 支援团队列表
[2022-12-25 15:34]  INFO [base.py run_job] [ line:123 ] Running job "deleteMsgToSeconds (trigger: date[2022-12-25 07:34:54 UTC], next run at: 2022-12-25 07:34:54 UTC)" (scheduled at 2022-12-25 07:34:54.145882+00:00)
[2022-12-25 15:34]  INFO [base.py remove_job] [ line:627 ] Removed job ef925161dd3b4f35b28dbe47ca2da128
[2022-12-25 15:34]  INFO [base.py run_job] [ line:144 ] Job "deleteMsgToSeconds (trigger: date[2022-12-25 07:34:54 UTC], next run at: 2022-12-25 07:34:54 UTC)" executed successfully
[2022-12-25 15:34]  INFO [bot.py wordFlow] [ line:67 ] [5036779522] Leo : 支援团队列表
[2022-12-25 15:35]  INFO [bot.py wordFlow] [ line:67 ] [5036779522] Leo : 支援团队列表
[2022-12-25 15:35]  INFO [bot.py wordFlow] [ line:67 ] [5036779522] Leo : 支援团队列表
[2022-12-25 15:35]  INFO [bot.py wordFlow] [ line:67 ] [5036779522] Leo : 552
[2022-12-25 15:35]  INFO [base.py _real_add_job] [ line:881 ] Added job "deleteMsgToSeconds" to job store "default"
[2022-12-25 15:35]  INFO [base.py remove_job] [ line:627 ] Removed job 68d639a37225452eb182facfa54387ad
[2022-12-25 15:35]  INFO [base.py run_job] [ line:123 ] Running job "deleteMsgToSeconds (trigger: date[2022-12-25 07:35:52 UTC], next run at: 2022-12-25 07:35:52 UTC)" (scheduled at 2022-12-25 07:35:52.224361+00:00)
[2022-12-25 15:35]  INFO [base.py run_job] [ line:144 ] Job "deleteMsgToSeconds (trigger: date[2022-12-25 07:35:52 UTC], next run at: 2022-12-25 07:35:52 UTC)" executed successfully
[2022-12-25 15:36]  INFO [bot.py wordFlow] [ line:67 ] [5036779522] Leo : 555
[2022-12-25 15:36]  INFO [base.py _real_add_job] [ line:881 ] Added job "deleteMsgToSeconds" to job store "default"
[2022-12-25 15:37]  INFO [bot.py wordFlow] [ line:67 ] [5036779522] Leo : 支援团队列表
[2022-12-25 15:37]  INFO [base.py remove_job] [ line:627 ] Removed job e079576339a44537b35e71a6a2c89e5e
[2022-12-25 15:37]  INFO [base.py run_job] [ line:123 ] Running job "deleteMsgToSeconds (trigger: date[2022-12-25 07:37:04 UTC], next run at: 2022-12-25 07:37:04 UTC)" (scheduled at 2022-12-25 07:37:04.630027+00:00)
[2022-12-25 15:37]  INFO [base.py run_job] [ line:144 ] Job "deleteMsgToSeconds (trigger: date[2022-12-25 07:37:04 UTC], next run at: 2022-12-25 07:37:04 UTC)" executed successfully
[2022-12-25 15:38]  INFO [bot.py wordFlow] [ line:67 ] [5036779522] Leo : t.me/CCP1121Channel
[2022-12-25 15:38]  INFO [bot.py wordFlow] [ line:67 ] [5036779522] Leo : 如何将我添加到您的频道
[2022-12-25 15:40]  INFO [bot.py wordFlow] [ line:67 ] [5036779522] Leo : 2
[2022-12-25 15:40]  INFO [base.py _real_add_job] [ line:881 ] Added job "deleteMsgToSeconds" to job store "default"
[2022-12-25 15:40]  INFO [base.py remove_job] [ line:627 ] Removed job 6ad8a9af83464d02b4007ff7bf421a90
[2022-12-25 15:40]  INFO [base.py run_job] [ line:123 ] Running job "deleteMsgToSeconds (trigger: date[2022-12-25 07:40:33 UTC], next run at: 2022-12-25 07:40:33 UTC)" (scheduled at 2022-12-25 07:40:33.233179+00:00)
[2022-12-25 15:40]  INFO [base.py run_job] [ line:144 ] Job "deleteMsgToSeconds (trigger: date[2022-12-25 07:40:33 UTC], next run at: 2022-12-25 07:40:33 UTC)" executed successfully
[2022-12-25 15:40]  INFO [bot.py wordFlow] [ line:67 ] [5036779522] Leo : 333
[2022-12-25 15:40]  INFO [base.py _real_add_job] [ line:881 ] Added job "deleteMsgToSeconds" to job store "default"
[2022-12-25 15:40]  INFO [base.py _real_add_job] [ line:881 ] Added job "deleteMsgToSeconds" to job store "default"
[2022-12-25 15:40]  INFO [base.py remove_job] [ line:627 ] Removed job 6f22d65277174f568c3e25678cfd0151
[2022-12-25 15:40]  INFO [base.py run_job] [ line:123 ] Running job "deleteMsgToSeconds (trigger: date[2022-12-25 07:40:52 UTC], next run at: 2022-12-25 07:40:52 UTC)" (scheduled at 2022-12-25 07:40:52.039344+00:00)
[2022-12-25 15:40]  INFO [base.py run_job] [ line:144 ] Job "deleteMsgToSeconds (trigger: date[2022-12-25 07:40:52 UTC], next run at: 2022-12-25 07:40:52 UTC)" executed successfully
[2022-12-25 15:40]  INFO [base.py remove_job] [ line:627 ] Removed job e3798ec523fa46eb916f1156382b8ff1
[2022-12-25 15:40]  INFO [base.py run_job] [ line:123 ] Running job "deleteMsgToSeconds (trigger: date[2022-12-25 07:40:52 UTC], next run at: 2022-12-25 07:40:52 UTC)" (scheduled at 2022-12-25 07:40:52.724304+00:00)
[2022-12-25 15:40]  INFO [base.py run_job] [ line:144 ] Job "deleteMsgToSeconds (trigger: date[2022-12-25 07:40:52 UTC], next run at: 2022-12-25 07:40:52 UTC)" executed successfully
